<?xml version="1.0" encoding="utf-8" standalone="no"?>
<test-run id="2" testcasecount="1363" result="Failed" total="1363" passed="1139" failed="124" inconclusive="0" skipped="100" asserts="93744" engine-version="3.9.0.0" clr-version="4.0.30319.42000" start-time="2018-09-23 19:10:20Z" end-time="2018-09-23 19:13:48Z" duration="207.510105">
  <command-line><![CDATA["Z:\Users\ger-d\Source\Repos\DataAccess\packages\NUnit.ConsoleRunner.3.9.0\tools\nunit3-console.exe" Z:\Users\ger-d\Source\Repos\DataAccess\JPB.DataAccess.Tests\bin\Release\JPB.DataAccess.Tests.dll /framework:net-4.0 /result:.\Tests.nunit.xml --dispose-runners]]></command-line>
  <test-suite type="SetUpFixture" id="0-1000" name="JPB.DataAccess.Tests.dll" fullname="GlobalTestContext" classname="GlobalTestContext" runstate="Runnable" testcasecount="1363" result="Failed" site="Child" start-time="2018-09-23 19:10:21Z" end-time="2018-09-23 19:13:47Z" duration="206.697060" total="1363" passed="1139" failed="124" warnings="0" inconclusive="0" skipped="100" asserts="93744">
    <environment framework-version="3.6.1.0" clr-version="4.0.30319.42000" os-version="Microsoft Windows NT 10.0.17134.0" platform="Win32NT" cwd="Z:\Users\ger-d\Source\Repos\DataAccess" machine-name="BORGCUBE" user="User" user-domain="BORGCUBE" culture="en-US" uiculture="en-US" os-architecture="x64" />
    <settings>
      <setting name="RuntimeFramework" value="net-4.0" />
      <setting name="DisposeRunners" value="True" />
      <setting name="WorkDirectory" value="Z:\Users\ger-d\Source\Repos\DataAccess" />
      <setting name="ImageRuntimeVersion" value="4.0.30319" />
      <setting name="ImageTargetFrameworkName" value=".NETFramework,Version=v4.6" />
      <setting name="ImageRequiresX86" value="False" />
      <setting name="ImageRequiresDefaultAppDomainAssemblyResolver" value="False" />
      <setting name="NumberOfTestWorkers" value="8" />
    </settings>
    <properties>
      <property name="Category" value="Base" />
      <property name="_PID" value="17356" />
      <property name="_APPDOMAIN" value="domain-" />
    </properties>
    <failure>
      <message><![CDATA[One or more child tests had errors]]></message>
    </failure>
    <output><![CDATA[Removing old Pessimistic Created Dlls
]]></output>
    <test-suite type="SetUpFixture" id="0-1001" name="[default namespace]" fullname="StartMySqlServerContext" classname="StartMySqlServerContext" runstate="Runnable" testcasecount="0" result="Passed" start-time="2018-09-23 19:10:48Z" end-time="2018-09-23 19:10:48Z" duration="0.000076" total="0" passed="0" failed="0" warnings="0" inconclusive="0" skipped="0" asserts="0" />
    <test-suite type="TestSuite" id="0-2535" name="JPB" fullname="JPB" runstate="Runnable" testcasecount="1363" result="Failed" site="Child" start-time="2018-09-23 19:10:21Z" end-time="2018-09-23 19:13:44Z" duration="203.034663" total="1363" passed="1139" failed="124" warnings="0" inconclusive="0" skipped="100" asserts="93743">
      <failure>
        <message><![CDATA[One or more child tests had errors]]></message>
      </failure>
      <test-suite type="TestSuite" id="0-2536" name="DataAccess" fullname="JPB.DataAccess" runstate="Runnable" testcasecount="1363" result="Failed" site="Child" start-time="2018-09-23 19:10:21Z" end-time="2018-09-23 19:13:44Z" duration="203.030646" total="1363" passed="1139" failed="124" warnings="0" inconclusive="0" skipped="100" asserts="93743">
        <failure>
          <message><![CDATA[One or more child tests had errors]]></message>
        </failure>
        <test-suite type="TestSuite" id="0-2537" name="Tests" fullname="JPB.DataAccess.Tests" runstate="Runnable" testcasecount="1363" result="Failed" site="Child" start-time="2018-09-23 19:10:21Z" end-time="2018-09-23 19:13:44Z" duration="203.026700" total="1363" passed="1139" failed="124" warnings="0" inconclusive="0" skipped="100" asserts="93743">
          <failure>
            <message><![CDATA[One or more child tests had errors]]></message>
          </failure>
          <test-suite type="TestSuite" id="0-2538" name="Overwrite" fullname="JPB.DataAccess.Tests.Overwrite" runstate="Runnable" testcasecount="1363" result="Failed" site="Child" start-time="2018-09-23 19:10:21Z" end-time="2018-09-23 19:13:44Z" duration="203.022692" total="1363" passed="1139" failed="124" warnings="0" inconclusive="0" skipped="100" asserts="93743">
            <failure>
              <message><![CDATA[One or more child tests had errors]]></message>
            </failure>
            <test-suite type="TestSuite" id="0-2544" name="DbCollectionTests" fullname="JPB.DataAccess.Tests.Overwrite.DbCollectionTests" runstate="Runnable" testcasecount="4" result="Passed" start-time="2018-09-23 19:10:21Z" end-time="2018-09-23 19:10:40Z" duration="19.369586" total="4" passed="4" failed="0" warnings="0" inconclusive="0" skipped="0" asserts="17">
              <test-suite type="TestFixture" id="0-1135" name="DbCollection" fullname="JPB.DataAccess.Tests.Overwrite.DbCollectionTests.DbCollection" classname="JPB.DataAccess.Tests.Overwrite.DbCollectionTests.DbCollection" runstate="Runnable" testcasecount="4" result="Passed" start-time="2018-09-23 19:10:40Z" end-time="2018-09-23 19:10:40Z" duration="0.070960" total="4" passed="4" failed="0" warnings="0" inconclusive="0" skipped="0" asserts="17">
                <test-case id="0-1136" name="Add" fullname="JPB.DataAccess.Tests.Overwrite.DbCollectionTests.DbCollection.Add" methodname="Add" classname="JPB.DataAccess.Tests.Overwrite.DbCollectionTests.DbCollection" runstate="Runnable" seed="1878513150" result="Passed" start-time="2018-09-23 19:10:40Z" end-time="2018-09-23 19:10:40Z" duration="0.048344" asserts="3" />
                <test-case id="0-1137" name="Clear" fullname="JPB.DataAccess.Tests.Overwrite.DbCollectionTests.DbCollection.Clear" methodname="Clear" classname="JPB.DataAccess.Tests.Overwrite.DbCollectionTests.DbCollection" runstate="Runnable" seed="1412707812" result="Passed" start-time="2018-09-23 19:10:40Z" end-time="2018-09-23 19:10:40Z" duration="0.005457" asserts="5" />
                <test-case id="0-1138" name="Contains" fullname="JPB.DataAccess.Tests.Overwrite.DbCollectionTests.DbCollection.Contains" methodname="Contains" classname="JPB.DataAccess.Tests.Overwrite.DbCollectionTests.DbCollection" runstate="Runnable" seed="1322286195" result="Passed" start-time="2018-09-23 19:10:40Z" end-time="2018-09-23 19:10:40Z" duration="0.001774" asserts="4" />
                <test-case id="0-1139" name="Remove" fullname="JPB.DataAccess.Tests.Overwrite.DbCollectionTests.DbCollection.Remove" methodname="Remove" classname="JPB.DataAccess.Tests.Overwrite.DbCollectionTests.DbCollection" runstate="Runnable" seed="810516710" result="Passed" start-time="2018-09-23 19:10:40Z" end-time="2018-09-23 19:10:40Z" duration="0.001610" asserts="5" />
              </test-suite>
            </test-suite>
            <test-suite type="TestSuite" id="0-2543" name="LocalDbTests" fullname="JPB.DataAccess.Tests.Overwrite.LocalDbTests" runstate="Runnable" testcasecount="76" result="Passed" start-time="2018-09-23 19:10:21Z" end-time="2018-09-23 19:10:47Z" duration="26.463812" total="76" passed="66" failed="0" warnings="0" inconclusive="0" skipped="10" asserts="281">
              <test-suite type="TestFixture" id="0-1046" name="DatabaseSerializerTest" fullname="JPB.DataAccess.Tests.Overwrite.LocalDbTests.DatabaseSerializerTest" classname="JPB.DataAccess.Tests.Overwrite.LocalDbTests.DatabaseSerializerTest" runstate="Runnable" testcasecount="6" result="Passed" start-time="2018-09-23 19:10:40Z" end-time="2018-09-23 19:10:41Z" duration="1.014874" total="6" passed="6" failed="0" warnings="0" inconclusive="0" skipped="0" asserts="27">
                <test-case id="0-1047" name="ReadBooksWithImages" fullname="JPB.DataAccess.Tests.Overwrite.LocalDbTests.DatabaseSerializerTest.ReadBooksWithImages" methodname="ReadBooksWithImages" classname="JPB.DataAccess.Tests.Overwrite.LocalDbTests.DatabaseSerializerTest" runstate="Runnable" seed="1143166860" result="Passed" start-time="2018-09-23 19:10:40Z" end-time="2018-09-23 19:10:41Z" duration="0.596198" asserts="13" />
                <test-case id="0-1048" name="ReadUsers" fullname="JPB.DataAccess.Tests.Overwrite.LocalDbTests.DatabaseSerializerTest.ReadUsers" methodname="ReadUsers" classname="JPB.DataAccess.Tests.Overwrite.LocalDbTests.DatabaseSerializerTest" runstate="Runnable" seed="577015803" result="Passed" start-time="2018-09-23 19:10:41Z" end-time="2018-09-23 19:10:41Z" duration="0.011396" asserts="6" />
                <test-case id="0-1049" name="TestInvalidReplicationScope_Nested" fullname="JPB.DataAccess.Tests.Overwrite.LocalDbTests.DatabaseSerializerTest.TestInvalidReplicationScope_Nested" methodname="TestInvalidReplicationScope_Nested" classname="JPB.DataAccess.Tests.Overwrite.LocalDbTests.DatabaseSerializerTest" runstate="Runnable" seed="1113032058" result="Passed" start-time="2018-09-23 19:10:41Z" end-time="2018-09-23 19:10:41Z" duration="0.002391" asserts="1" />
                <test-case id="0-1050" name="TestInvalidReplicationScope_WithoutTransaction" fullname="JPB.DataAccess.Tests.Overwrite.LocalDbTests.DatabaseSerializerTest.TestInvalidReplicationScope_WithoutTransaction" methodname="TestInvalidReplicationScope_WithoutTransaction" classname="JPB.DataAccess.Tests.Overwrite.LocalDbTests.DatabaseSerializerTest" runstate="Runnable" seed="334898794" result="Passed" start-time="2018-09-23 19:10:41Z" end-time="2018-09-23 19:10:41Z" duration="0.000557" asserts="1" />
                <test-case id="0-1051" name="WriteBooksWithImages" fullname="JPB.DataAccess.Tests.Overwrite.LocalDbTests.DatabaseSerializerTest.WriteBooksWithImages" methodname="WriteBooksWithImages" classname="JPB.DataAccess.Tests.Overwrite.LocalDbTests.DatabaseSerializerTest" runstate="Runnable" seed="1435413804" result="Passed" start-time="2018-09-23 19:10:41Z" end-time="2018-09-23 19:10:41Z" duration="0.380044" asserts="5" />
                <test-case id="0-1052" name="WriteUsers" fullname="JPB.DataAccess.Tests.Overwrite.LocalDbTests.DatabaseSerializerTest.WriteUsers" methodname="WriteUsers" classname="JPB.DataAccess.Tests.Overwrite.LocalDbTests.DatabaseSerializerTest" runstate="Runnable" seed="1587351942" result="Passed" start-time="2018-09-23 19:10:41Z" end-time="2018-09-23 19:10:41Z" duration="0.002875" asserts="1" />
              </test-suite>
              <test-suite type="ParameterizedFixture" id="0-1083" name="LocalDbTest" fullname="JPB.DataAccess.Tests.Overwrite.LocalDbTests.LocalDbTest" runstate="Runnable" testcasecount="24" result="Passed" start-time="2018-09-23 19:10:21Z" end-time="2018-09-23 19:10:41Z" duration="20.618363" total="24" passed="14" failed="0" warnings="0" inconclusive="0" skipped="10" asserts="43">
                <test-suite type="TestFixture" id="0-1053" name="LocalDbTest(False)" fullname="JPB.DataAccess.Tests.Overwrite.LocalDbTests.LocalDbTest(False)" classname="JPB.DataAccess.Tests.Overwrite.LocalDbTests.LocalDbTest" runstate="Runnable" testcasecount="12" result="Passed" start-time="2018-09-23 19:10:41Z" end-time="2018-09-23 19:10:41Z" duration="0.136981" total="12" passed="7" failed="0" warnings="0" inconclusive="0" skipped="5" asserts="22">
                  <test-case id="0-1054" name="Add" fullname="JPB.DataAccess.Tests.Overwrite.LocalDbTests.LocalDbTest(False).Add" methodname="Add" classname="JPB.DataAccess.Tests.Overwrite.LocalDbTests.LocalDbTest" runstate="Runnable" seed="781648095" result="Passed" start-time="2018-09-23 19:10:41Z" end-time="2018-09-23 19:10:41Z" duration="0.002560" asserts="3" />
                  <test-case id="0-1055" name="AdvParallelAccess" fullname="JPB.DataAccess.Tests.Overwrite.LocalDbTests.LocalDbTest(False).AdvParallelAccess" methodname="AdvParallelAccess" classname="JPB.DataAccess.Tests.Overwrite.LocalDbTests.LocalDbTest" runstate="Runnable" seed="1232017654" result="Passed" start-time="2018-09-23 19:10:41Z" end-time="2018-09-23 19:10:41Z" duration="0.076371" asserts="2" />
                  <test-case id="0-1056" name="Contains" fullname="JPB.DataAccess.Tests.Overwrite.LocalDbTests.LocalDbTest(False).Contains" methodname="Contains" classname="JPB.DataAccess.Tests.Overwrite.LocalDbTests.LocalDbTest" runstate="Runnable" seed="306757291" result="Passed" start-time="2018-09-23 19:10:41Z" end-time="2018-09-23 19:10:41Z" duration="0.003147" asserts="2" />
                  <test-case id="0-1057" name="ContainsId" fullname="JPB.DataAccess.Tests.Overwrite.LocalDbTests.LocalDbTest(False).ContainsId" methodname="ContainsId" classname="JPB.DataAccess.Tests.Overwrite.LocalDbTests.LocalDbTest" runstate="Runnable" seed="321228359" result="Passed" start-time="2018-09-23 19:10:41Z" end-time="2018-09-23 19:10:41Z" duration="0.002086" asserts="2" />
                  <test-case id="0-1058" name="Count" fullname="JPB.DataAccess.Tests.Overwrite.LocalDbTests.LocalDbTest(False).Count" methodname="Count" classname="JPB.DataAccess.Tests.Overwrite.LocalDbTests.LocalDbTest" runstate="Runnable" seed="587631397" result="Passed" start-time="2018-09-23 19:10:41Z" end-time="2018-09-23 19:10:41Z" duration="0.002034" asserts="2" />
                  <test-case id="0-1059" name="Enumerate" fullname="JPB.DataAccess.Tests.Overwrite.LocalDbTests.LocalDbTest(False).Enumerate" methodname="Enumerate" classname="JPB.DataAccess.Tests.Overwrite.LocalDbTests.LocalDbTest" runstate="Runnable" seed="172148891" result="Passed" start-time="2018-09-23 19:10:41Z" end-time="2018-09-23 19:10:41Z" duration="0.005572" asserts="8" />
                  <test-case id="0-1060" name="Remove" fullname="JPB.DataAccess.Tests.Overwrite.LocalDbTests.LocalDbTest(False).Remove" methodname="Remove" classname="JPB.DataAccess.Tests.Overwrite.LocalDbTests.LocalDbTest" runstate="Runnable" seed="760124572" result="Passed" start-time="2018-09-23 19:10:41Z" end-time="2018-09-23 19:10:41Z" duration="0.002109" asserts="3" />
                  <test-suite type="ParameterizedMethod" id="0-1067" name="ParallelAccessSpeedEval" fullname="JPB.DataAccess.Tests.Overwrite.LocalDbTests.LocalDbTest.ParallelAccessSpeedEval" classname="JPB.DataAccess.Tests.Overwrite.LocalDbTests.LocalDbTest" runstate="Explicit" testcasecount="1" result="Skipped" label="Explicit" site="SetUp" start-time="2018-09-23 19:10:41Z" end-time="2018-09-23 19:10:41Z" duration="0.001999" total="1" passed="0" failed="0" warnings="0" inconclusive="0" skipped="1" asserts="0">
                    <properties>
                      <property name="_SKIPREASON" value="Long running Performance tests" />
                    </properties>
                    <reason>
                      <message><![CDATA[Long running Performance tests]]></message>
                    </reason>
                    <test-case id="0-1066" name="ParallelAccessSpeedEval(2,System.Int32[])" fullname="JPB.DataAccess.Tests.Overwrite.LocalDbTests.LocalDbTest(False).ParallelAccessSpeedEval(2,System.Int32[])" methodname="ParallelAccessSpeedEval" classname="JPB.DataAccess.Tests.Overwrite.LocalDbTests.LocalDbTest" runstate="Runnable" seed="573062358" result="Skipped" label="Explicit" site="Parent" start-time="0001-01-01 00:00:00Z" end-time="0001-01-01 00:00:00Z" duration="0.000000" asserts="0">
                      <reason>
                        <message><![CDATA[OneTimeSetUp: Long running Performance tests]]></message>
                      </reason>
                    </test-case>
                  </test-suite>
                  <test-suite type="ParameterizedMethod" id="0-1065" name="SimpleParallelAccess" fullname="JPB.DataAccess.Tests.Overwrite.LocalDbTests.LocalDbTest.SimpleParallelAccess" classname="JPB.DataAccess.Tests.Overwrite.LocalDbTests.LocalDbTest" runstate="Explicit" testcasecount="4" result="Skipped" label="Explicit" site="SetUp" start-time="2018-09-23 19:10:41Z" end-time="2018-09-23 19:10:41Z" duration="0.008003" total="4" passed="0" failed="0" warnings="0" inconclusive="0" skipped="4" asserts="0">
                    <properties>
                      <property name="_SKIPREASON" value="Long running Performance tests" />
                    </properties>
                    <reason>
                      <message><![CDATA[Long running Performance tests]]></message>
                    </reason>
                    <test-case id="0-1061" name="SimpleParallelAccess(999)" fullname="JPB.DataAccess.Tests.Overwrite.LocalDbTests.LocalDbTest(False).SimpleParallelAccess(999)" methodname="SimpleParallelAccess" classname="JPB.DataAccess.Tests.Overwrite.LocalDbTests.LocalDbTest" runstate="Runnable" seed="961860106" result="Skipped" label="Explicit" site="Parent" start-time="0001-01-01 00:00:00Z" end-time="0001-01-01 00:00:00Z" duration="0.000000" asserts="0">
                      <reason>
                        <message><![CDATA[OneTimeSetUp: Long running Performance tests]]></message>
                      </reason>
                    </test-case>
                    <test-case id="0-1062" name="SimpleParallelAccess(9999)" fullname="JPB.DataAccess.Tests.Overwrite.LocalDbTests.LocalDbTest(False).SimpleParallelAccess(9999)" methodname="SimpleParallelAccess" classname="JPB.DataAccess.Tests.Overwrite.LocalDbTests.LocalDbTest" runstate="Runnable" seed="2038864960" result="Skipped" label="Explicit" site="Parent" start-time="0001-01-01 00:00:00Z" end-time="0001-01-01 00:00:00Z" duration="0.000000" asserts="0">
                      <reason>
                        <message><![CDATA[OneTimeSetUp: Long running Performance tests]]></message>
                      </reason>
                    </test-case>
                    <test-case id="0-1063" name="SimpleParallelAccess(99999)" fullname="JPB.DataAccess.Tests.Overwrite.LocalDbTests.LocalDbTest(False).SimpleParallelAccess(99999)" methodname="SimpleParallelAccess" classname="JPB.DataAccess.Tests.Overwrite.LocalDbTests.LocalDbTest" runstate="Runnable" seed="1903074260" result="Skipped" label="Explicit" site="Parent" start-time="0001-01-01 00:00:00Z" end-time="0001-01-01 00:00:00Z" duration="0.000000" asserts="0">
                      <reason>
                        <message><![CDATA[OneTimeSetUp: Long running Performance tests]]></message>
                      </reason>
                    </test-case>
                    <test-case id="0-1064" name="SimpleParallelAccess(999999)" fullname="JPB.DataAccess.Tests.Overwrite.LocalDbTests.LocalDbTest(False).SimpleParallelAccess(999999)" methodname="SimpleParallelAccess" classname="JPB.DataAccess.Tests.Overwrite.LocalDbTests.LocalDbTest" runstate="Runnable" seed="1026586252" result="Skipped" label="Explicit" site="Parent" start-time="0001-01-01 00:00:00Z" end-time="0001-01-01 00:00:00Z" duration="0.000000" asserts="0">
                      <reason>
                        <message><![CDATA[OneTimeSetUp: Long running Performance tests]]></message>
                      </reason>
                    </test-case>
                  </test-suite>
                </test-suite>
                <test-suite type="TestFixture" id="0-1068" name="LocalDbTest(True)" fullname="JPB.DataAccess.Tests.Overwrite.LocalDbTests.LocalDbTest(True)" classname="JPB.DataAccess.Tests.Overwrite.LocalDbTests.LocalDbTest" runstate="Runnable" testcasecount="12" result="Passed" start-time="2018-09-23 19:10:41Z" end-time="2018-09-23 19:10:41Z" duration="0.086997" total="12" passed="7" failed="0" warnings="0" inconclusive="0" skipped="5" asserts="21">
                  <test-case id="0-1069" name="Add" fullname="JPB.DataAccess.Tests.Overwrite.LocalDbTests.LocalDbTest(True).Add" methodname="Add" classname="JPB.DataAccess.Tests.Overwrite.LocalDbTests.LocalDbTest" runstate="Runnable" seed="1438204974" result="Passed" start-time="2018-09-23 19:10:41Z" end-time="2018-09-23 19:10:41Z" duration="0.002168" asserts="3" />
                  <test-case id="0-1070" name="AdvParallelAccess" fullname="JPB.DataAccess.Tests.Overwrite.LocalDbTests.LocalDbTest(True).AdvParallelAccess" methodname="AdvParallelAccess" classname="JPB.DataAccess.Tests.Overwrite.LocalDbTests.LocalDbTest" runstate="Runnable" seed="760572445" result="Passed" start-time="2018-09-23 19:10:41Z" end-time="2018-09-23 19:10:41Z" duration="0.032279" asserts="2" />
                  <test-case id="0-1071" name="Contains" fullname="JPB.DataAccess.Tests.Overwrite.LocalDbTests.LocalDbTest(True).Contains" methodname="Contains" classname="JPB.DataAccess.Tests.Overwrite.LocalDbTests.LocalDbTest" runstate="Runnable" seed="383225049" result="Passed" start-time="2018-09-23 19:10:41Z" end-time="2018-09-23 19:10:41Z" duration="0.002313" asserts="2" />
                  <test-case id="0-1072" name="ContainsId" fullname="JPB.DataAccess.Tests.Overwrite.LocalDbTests.LocalDbTest(True).ContainsId" methodname="ContainsId" classname="JPB.DataAccess.Tests.Overwrite.LocalDbTests.LocalDbTest" runstate="Runnable" seed="204546216" result="Passed" start-time="2018-09-23 19:10:41Z" end-time="2018-09-23 19:10:41Z" duration="0.001667" asserts="2" />
                  <test-case id="0-1073" name="Count" fullname="JPB.DataAccess.Tests.Overwrite.LocalDbTests.LocalDbTest(True).Count" methodname="Count" classname="JPB.DataAccess.Tests.Overwrite.LocalDbTests.LocalDbTest" runstate="Runnable" seed="265685559" result="Passed" start-time="2018-09-23 19:10:41Z" end-time="2018-09-23 19:10:41Z" duration="0.001657" asserts="2" />
                  <test-case id="0-1074" name="Enumerate" fullname="JPB.DataAccess.Tests.Overwrite.LocalDbTests.LocalDbTest(True).Enumerate" methodname="Enumerate" classname="JPB.DataAccess.Tests.Overwrite.LocalDbTests.LocalDbTest" runstate="Runnable" seed="882555290" result="Passed" start-time="2018-09-23 19:10:41Z" end-time="2018-09-23 19:10:41Z" duration="0.002305" asserts="7" />
                  <test-case id="0-1075" name="Remove" fullname="JPB.DataAccess.Tests.Overwrite.LocalDbTests.LocalDbTest(True).Remove" methodname="Remove" classname="JPB.DataAccess.Tests.Overwrite.LocalDbTests.LocalDbTest" runstate="Runnable" seed="317358360" result="Passed" start-time="2018-09-23 19:10:41Z" end-time="2018-09-23 19:10:41Z" duration="0.001701" asserts="3" />
                  <test-suite type="ParameterizedMethod" id="0-1082" name="ParallelAccessSpeedEval" fullname="JPB.DataAccess.Tests.Overwrite.LocalDbTests.LocalDbTest.ParallelAccessSpeedEval" classname="JPB.DataAccess.Tests.Overwrite.LocalDbTests.LocalDbTest" runstate="Explicit" testcasecount="1" result="Skipped" label="Explicit" site="SetUp" start-time="2018-09-23 19:10:41Z" end-time="2018-09-23 19:10:41Z" duration="0.001996" total="1" passed="0" failed="0" warnings="0" inconclusive="0" skipped="1" asserts="0">
                    <properties>
                      <property name="_SKIPREASON" value="Long running Performance tests" />
                    </properties>
                    <reason>
                      <message><![CDATA[Long running Performance tests]]></message>
                    </reason>
                    <test-case id="0-1081" name="ParallelAccessSpeedEval(2,System.Int32[])" fullname="JPB.DataAccess.Tests.Overwrite.LocalDbTests.LocalDbTest(True).ParallelAccessSpeedEval(2,System.Int32[])" methodname="ParallelAccessSpeedEval" classname="JPB.DataAccess.Tests.Overwrite.LocalDbTests.LocalDbTest" runstate="Runnable" seed="1052635336" result="Skipped" label="Explicit" site="Parent" start-time="0001-01-01 00:00:00Z" end-time="0001-01-01 00:00:00Z" duration="0.000000" asserts="0">
                      <reason>
                        <message><![CDATA[OneTimeSetUp: Long running Performance tests]]></message>
                      </reason>
                    </test-case>
                  </test-suite>
                  <test-suite type="ParameterizedMethod" id="0-1080" name="SimpleParallelAccess" fullname="JPB.DataAccess.Tests.Overwrite.LocalDbTests.LocalDbTest.SimpleParallelAccess" classname="JPB.DataAccess.Tests.Overwrite.LocalDbTests.LocalDbTest" runstate="Explicit" testcasecount="4" result="Skipped" label="Explicit" site="SetUp" start-time="2018-09-23 19:10:41Z" end-time="2018-09-23 19:10:41Z" duration="0.007998" total="4" passed="0" failed="0" warnings="0" inconclusive="0" skipped="4" asserts="0">
                    <properties>
                      <property name="_SKIPREASON" value="Long running Performance tests" />
                    </properties>
                    <reason>
                      <message><![CDATA[Long running Performance tests]]></message>
                    </reason>
                    <test-case id="0-1076" name="SimpleParallelAccess(999)" fullname="JPB.DataAccess.Tests.Overwrite.LocalDbTests.LocalDbTest(True).SimpleParallelAccess(999)" methodname="SimpleParallelAccess" classname="JPB.DataAccess.Tests.Overwrite.LocalDbTests.LocalDbTest" runstate="Runnable" seed="1698727238" result="Skipped" label="Explicit" site="Parent" start-time="0001-01-01 00:00:00Z" end-time="0001-01-01 00:00:00Z" duration="0.000000" asserts="0">
                      <reason>
                        <message><![CDATA[OneTimeSetUp: Long running Performance tests]]></message>
                      </reason>
                    </test-case>
                    <test-case id="0-1077" name="SimpleParallelAccess(9999)" fullname="JPB.DataAccess.Tests.Overwrite.LocalDbTests.LocalDbTest(True).SimpleParallelAccess(9999)" methodname="SimpleParallelAccess" classname="JPB.DataAccess.Tests.Overwrite.LocalDbTests.LocalDbTest" runstate="Runnable" seed="1154315217" result="Skipped" label="Explicit" site="Parent" start-time="0001-01-01 00:00:00Z" end-time="0001-01-01 00:00:00Z" duration="0.000000" asserts="0">
                      <reason>
                        <message><![CDATA[OneTimeSetUp: Long running Performance tests]]></message>
                      </reason>
                    </test-case>
                    <test-case id="0-1078" name="SimpleParallelAccess(99999)" fullname="JPB.DataAccess.Tests.Overwrite.LocalDbTests.LocalDbTest(True).SimpleParallelAccess(99999)" methodname="SimpleParallelAccess" classname="JPB.DataAccess.Tests.Overwrite.LocalDbTests.LocalDbTest" runstate="Runnable" seed="1732187808" result="Skipped" label="Explicit" site="Parent" start-time="0001-01-01 00:00:00Z" end-time="0001-01-01 00:00:00Z" duration="0.000000" asserts="0">
                      <reason>
                        <message><![CDATA[OneTimeSetUp: Long running Performance tests]]></message>
                      </reason>
                    </test-case>
                    <test-case id="0-1079" name="SimpleParallelAccess(999999)" fullname="JPB.DataAccess.Tests.Overwrite.LocalDbTests.LocalDbTest(True).SimpleParallelAccess(999999)" methodname="SimpleParallelAccess" classname="JPB.DataAccess.Tests.Overwrite.LocalDbTests.LocalDbTest" runstate="Runnable" seed="603902576" result="Skipped" label="Explicit" site="Parent" start-time="0001-01-01 00:00:00Z" end-time="0001-01-01 00:00:00Z" duration="0.000000" asserts="0">
                      <reason>
                        <message><![CDATA[OneTimeSetUp: Long running Performance tests]]></message>
                      </reason>
                    </test-case>
                  </test-suite>
                </test-suite>
              </test-suite>
              <test-suite type="TestFixture" id="0-1084" name="LocalDbTransactionalTest" fullname="JPB.DataAccess.Tests.Overwrite.LocalDbTests.LocalDbTransactionalTest" classname="JPB.DataAccess.Tests.Overwrite.LocalDbTests.LocalDbTransactionalTest" runstate="Runnable" testcasecount="12" result="Passed" start-time="2018-09-23 19:10:41Z" end-time="2018-09-23 19:10:45Z" duration="3.304420" total="12" passed="12" failed="0" warnings="0" inconclusive="0" skipped="0" asserts="14">
                <test-case id="0-1085" name="AddChildWithoutParent" fullname="JPB.DataAccess.Tests.Overwrite.LocalDbTests.LocalDbTransactionalTest.AddChildWithoutParent" methodname="AddChildWithoutParent" classname="JPB.DataAccess.Tests.Overwrite.LocalDbTests.LocalDbTransactionalTest" runstate="Runnable" seed="1689788922" result="Passed" start-time="2018-09-23 19:10:41Z" end-time="2018-09-23 19:10:42Z" duration="0.281663" asserts="1" />
                <test-case id="0-1086" name="AddMultibeItems" fullname="JPB.DataAccess.Tests.Overwrite.LocalDbTests.LocalDbTransactionalTest.AddMultibeItems" methodname="AddMultibeItems" classname="JPB.DataAccess.Tests.Overwrite.LocalDbTests.LocalDbTransactionalTest" runstate="Runnable" seed="690446577" result="Passed" start-time="2018-09-23 19:10:42Z" end-time="2018-09-23 19:10:42Z" duration="0.287338" asserts="1" />
                <test-case id="0-1087" name="AddParentWithChild" fullname="JPB.DataAccess.Tests.Overwrite.LocalDbTests.LocalDbTransactionalTest.AddParentWithChild" methodname="AddParentWithChild" classname="JPB.DataAccess.Tests.Overwrite.LocalDbTests.LocalDbTransactionalTest" runstate="Runnable" seed="221717817" result="Passed" start-time="2018-09-23 19:10:42Z" end-time="2018-09-23 19:10:42Z" duration="0.244924" asserts="3" />
                <test-case id="0-1088" name="IdentityInsert" fullname="JPB.DataAccess.Tests.Overwrite.LocalDbTests.LocalDbTransactionalTest.IdentityInsert" methodname="IdentityInsert" classname="JPB.DataAccess.Tests.Overwrite.LocalDbTests.LocalDbTransactionalTest" runstate="Runnable" seed="1961271638" result="Passed" start-time="2018-09-23 19:10:42Z" end-time="2018-09-23 19:10:43Z" duration="0.260111" asserts="1" />
                <test-case id="0-1089" name="IdentityInsertAutoSetUninit" fullname="JPB.DataAccess.Tests.Overwrite.LocalDbTests.LocalDbTransactionalTest.IdentityInsertAutoSetUninit" methodname="IdentityInsertAutoSetUninit" classname="JPB.DataAccess.Tests.Overwrite.LocalDbTests.LocalDbTransactionalTest" runstate="Runnable" seed="1054088948" result="Passed" start-time="2018-09-23 19:10:43Z" end-time="2018-09-23 19:10:43Z" duration="0.269763" asserts="1" />
                <test-case id="0-1090" name="ParentWithChild" fullname="JPB.DataAccess.Tests.Overwrite.LocalDbTests.LocalDbTransactionalTest.ParentWithChild" methodname="ParentWithChild" classname="JPB.DataAccess.Tests.Overwrite.LocalDbTests.LocalDbTransactionalTest" runstate="Runnable" seed="1701070490" result="Passed" start-time="2018-09-23 19:10:43Z" end-time="2018-09-23 19:10:43Z" duration="0.290086" asserts="1" />
                <test-case id="0-1091" name="ParentWithNullableChild" fullname="JPB.DataAccess.Tests.Overwrite.LocalDbTests.LocalDbTransactionalTest.ParentWithNullableChild" methodname="ParentWithNullableChild" classname="JPB.DataAccess.Tests.Overwrite.LocalDbTests.LocalDbTransactionalTest" runstate="Runnable" seed="1616386200" result="Passed" start-time="2018-09-23 19:10:43Z" end-time="2018-09-23 19:10:43Z" duration="0.286144" asserts="1" />
                <test-case id="0-1092" name="ParentWithNullableChildIsNull" fullname="JPB.DataAccess.Tests.Overwrite.LocalDbTests.LocalDbTransactionalTest.ParentWithNullableChildIsNull" methodname="ParentWithNullableChildIsNull" classname="JPB.DataAccess.Tests.Overwrite.LocalDbTests.LocalDbTransactionalTest" runstate="Runnable" seed="706988659" result="Passed" start-time="2018-09-23 19:10:43Z" end-time="2018-09-23 19:10:44Z" duration="0.282069" asserts="1" />
                <test-case id="0-1093" name="ParentWithNullableChildIsNullWithPkInsert" fullname="JPB.DataAccess.Tests.Overwrite.LocalDbTests.LocalDbTransactionalTest.ParentWithNullableChildIsNullWithPkInsert" methodname="ParentWithNullableChildIsNullWithPkInsert" classname="JPB.DataAccess.Tests.Overwrite.LocalDbTests.LocalDbTransactionalTest" runstate="Runnable" seed="234711806" result="Passed" start-time="2018-09-23 19:10:44Z" end-time="2018-09-23 19:10:44Z" duration="0.261445" asserts="1" />
                <test-case id="0-1094" name="ParentWithNullableChildWithPkInsert" fullname="JPB.DataAccess.Tests.Overwrite.LocalDbTests.LocalDbTransactionalTest.ParentWithNullableChildWithPkInsert" methodname="ParentWithNullableChildWithPkInsert" classname="JPB.DataAccess.Tests.Overwrite.LocalDbTests.LocalDbTransactionalTest" runstate="Runnable" seed="2020223465" result="Passed" start-time="2018-09-23 19:10:44Z" end-time="2018-09-23 19:10:44Z" duration="0.264372" asserts="1" />
                <test-case id="0-1095" name="TestInvalidReplicationScope_Nested" fullname="JPB.DataAccess.Tests.Overwrite.LocalDbTests.LocalDbTransactionalTest.TestInvalidReplicationScope_Nested" methodname="TestInvalidReplicationScope_Nested" classname="JPB.DataAccess.Tests.Overwrite.LocalDbTests.LocalDbTransactionalTest" runstate="Runnable" seed="334211861" result="Passed" start-time="2018-09-23 19:10:44Z" end-time="2018-09-23 19:10:44Z" duration="0.273158" asserts="1" />
                <test-case id="0-1096" name="TestInvalidReplicationScope_WithoutTransaction" fullname="JPB.DataAccess.Tests.Overwrite.LocalDbTests.LocalDbTransactionalTest.TestInvalidReplicationScope_WithoutTransaction" methodname="TestInvalidReplicationScope_WithoutTransaction" classname="JPB.DataAccess.Tests.Overwrite.LocalDbTests.LocalDbTransactionalTest" runstate="Runnable" seed="2114495608" result="Passed" start-time="2018-09-23 19:10:44Z" end-time="2018-09-23 19:10:45Z" duration="0.261418" asserts="1" />
              </test-suite>
              <test-suite type="TestFixture" id="0-1097" name="LocalDbTriggerTestInReplication" fullname="JPB.DataAccess.Tests.Overwrite.LocalDbTests.LocalDbTriggerTestInReplication" classname="JPB.DataAccess.Tests.Overwrite.LocalDbTests.LocalDbTriggerTestInReplication" runstate="Runnable" testcasecount="10" result="Passed" start-time="2018-09-23 19:10:45Z" end-time="2018-09-23 19:10:45Z" duration="0.102361" total="10" passed="10" failed="0" warnings="0" inconclusive="0" skipped="0" asserts="63">
                <test-case id="0-1105" name="DeleteIORemoveTriggerOrder" fullname="JPB.DataAccess.Tests.Overwrite.LocalDbTests.LocalDbTriggerTestInReplication.DeleteIORemoveTriggerOrder" methodname="DeleteIORemoveTriggerOrder" classname="JPB.DataAccess.Tests.Overwrite.LocalDbTests.LocalDbTriggerTestInReplication" runstate="Runnable" seed="650853146" result="Passed" start-time="2018-09-23 19:10:45Z" end-time="2018-09-23 19:10:45Z" duration="0.005117" asserts="11" />
                <test-case id="0-1104" name="DeleteIOTriggerOrder" fullname="JPB.DataAccess.Tests.Overwrite.LocalDbTests.LocalDbTriggerTestInReplication.DeleteIOTriggerOrder" methodname="DeleteIOTriggerOrder" classname="JPB.DataAccess.Tests.Overwrite.LocalDbTests.LocalDbTriggerTestInReplication" runstate="Runnable" seed="548991652" result="Passed" start-time="2018-09-23 19:10:45Z" end-time="2018-09-23 19:10:45Z" duration="0.002600" asserts="7" />
                <test-case id="0-1103" name="DeleteTriggerOrder" fullname="JPB.DataAccess.Tests.Overwrite.LocalDbTests.LocalDbTriggerTestInReplication.DeleteTriggerOrder" methodname="DeleteTriggerOrder" classname="JPB.DataAccess.Tests.Overwrite.LocalDbTests.LocalDbTriggerTestInReplication" runstate="Runnable" seed="1376854513" result="Passed" start-time="2018-09-23 19:10:45Z" end-time="2018-09-23 19:10:45Z" duration="0.004229" asserts="7" />
                <test-case id="0-1099" name="DeleteTriggerWithCancelAfterOrder" fullname="JPB.DataAccess.Tests.Overwrite.LocalDbTests.LocalDbTriggerTestInReplication.DeleteTriggerWithCancelAfterOrder" methodname="DeleteTriggerWithCancelAfterOrder" classname="JPB.DataAccess.Tests.Overwrite.LocalDbTests.LocalDbTriggerTestInReplication" runstate="Runnable" seed="1597572894" result="Passed" start-time="2018-09-23 19:10:45Z" end-time="2018-09-23 19:10:45Z" duration="0.008588" asserts="6" />
                <test-case id="0-1101" name="DeleteTriggerWithCancelForOrder" fullname="JPB.DataAccess.Tests.Overwrite.LocalDbTests.LocalDbTriggerTestInReplication.DeleteTriggerWithCancelForOrder" methodname="DeleteTriggerWithCancelForOrder" classname="JPB.DataAccess.Tests.Overwrite.LocalDbTests.LocalDbTriggerTestInReplication" runstate="Runnable" seed="1214287074" result="Passed" start-time="2018-09-23 19:10:45Z" end-time="2018-09-23 19:10:45Z" duration="0.007391" asserts="6" />
                <test-case id="0-1107" name="InsertIOReaddTriggerOrder" fullname="JPB.DataAccess.Tests.Overwrite.LocalDbTests.LocalDbTriggerTestInReplication.InsertIOReaddTriggerOrder" methodname="InsertIOReaddTriggerOrder" classname="JPB.DataAccess.Tests.Overwrite.LocalDbTests.LocalDbTriggerTestInReplication" runstate="Runnable" seed="1754509626" result="Passed" start-time="2018-09-23 19:10:45Z" end-time="2018-09-23 19:10:45Z" duration="0.009741" asserts="7" />
                <test-case id="0-1106" name="InsertIOTriggerOrder" fullname="JPB.DataAccess.Tests.Overwrite.LocalDbTests.LocalDbTriggerTestInReplication.InsertIOTriggerOrder" methodname="InsertIOTriggerOrder" classname="JPB.DataAccess.Tests.Overwrite.LocalDbTests.LocalDbTriggerTestInReplication" runstate="Runnable" seed="54459086" result="Passed" start-time="2018-09-23 19:10:45Z" end-time="2018-09-23 19:10:45Z" duration="0.008362" asserts="6" />
                <test-case id="0-1102" name="InsertTriggerOrder" fullname="JPB.DataAccess.Tests.Overwrite.LocalDbTests.LocalDbTriggerTestInReplication.InsertTriggerOrder" methodname="InsertTriggerOrder" classname="JPB.DataAccess.Tests.Overwrite.LocalDbTests.LocalDbTriggerTestInReplication" runstate="Runnable" seed="1240754497" result="Passed" start-time="2018-09-23 19:10:45Z" end-time="2018-09-23 19:10:45Z" duration="0.007827" asserts="5" />
                <test-case id="0-1098" name="InsertTriggerWithCancelAfterOrder" fullname="JPB.DataAccess.Tests.Overwrite.LocalDbTests.LocalDbTriggerTestInReplication.InsertTriggerWithCancelAfterOrder" methodname="InsertTriggerWithCancelAfterOrder" classname="JPB.DataAccess.Tests.Overwrite.LocalDbTests.LocalDbTriggerTestInReplication" runstate="Runnable" seed="1980133536" result="Passed" start-time="2018-09-23 19:10:45Z" end-time="2018-09-23 19:10:45Z" duration="0.007270" asserts="4" />
                <test-case id="0-1100" name="InsertTriggerWithCancelForOrder" fullname="JPB.DataAccess.Tests.Overwrite.LocalDbTests.LocalDbTriggerTestInReplication.InsertTriggerWithCancelForOrder" methodname="InsertTriggerWithCancelForOrder" classname="JPB.DataAccess.Tests.Overwrite.LocalDbTests.LocalDbTriggerTestInReplication" runstate="Runnable" seed="1915997382" result="Passed" start-time="2018-09-23 19:10:45Z" end-time="2018-09-23 19:10:45Z" duration="0.005353" asserts="4" />
              </test-suite>
              <test-suite type="TestFixture" id="0-1108" name="LocalDbTriggerTestNotInReplication" fullname="JPB.DataAccess.Tests.Overwrite.LocalDbTests.LocalDbTriggerTestNotInReplication" classname="JPB.DataAccess.Tests.Overwrite.LocalDbTests.LocalDbTriggerTestNotInReplication" runstate="Runnable" testcasecount="10" result="Passed" start-time="2018-09-23 19:10:45Z" end-time="2018-09-23 19:10:45Z" duration="0.077991" total="10" passed="10" failed="0" warnings="0" inconclusive="0" skipped="0" asserts="63">
                <test-case id="0-1109" name="DeleteIORemoveTriggerOrder" fullname="JPB.DataAccess.Tests.Overwrite.LocalDbTests.LocalDbTriggerTestNotInReplication.DeleteIORemoveTriggerOrder" methodname="DeleteIORemoveTriggerOrder" classname="JPB.DataAccess.Tests.Overwrite.LocalDbTests.LocalDbTriggerTestNotInReplication" runstate="Runnable" seed="1583373722" result="Passed" start-time="2018-09-23 19:10:45Z" end-time="2018-09-23 19:10:45Z" duration="0.006346" asserts="11" />
                <test-case id="0-1110" name="DeleteIOTriggerOrder" fullname="JPB.DataAccess.Tests.Overwrite.LocalDbTests.LocalDbTriggerTestNotInReplication.DeleteIOTriggerOrder" methodname="DeleteIOTriggerOrder" classname="JPB.DataAccess.Tests.Overwrite.LocalDbTests.LocalDbTriggerTestNotInReplication" runstate="Runnable" seed="1469444764" result="Passed" start-time="2018-09-23 19:10:45Z" end-time="2018-09-23 19:10:45Z" duration="0.004591" asserts="7" />
                <test-case id="0-1111" name="DeleteTriggerOrder" fullname="JPB.DataAccess.Tests.Overwrite.LocalDbTests.LocalDbTriggerTestNotInReplication.DeleteTriggerOrder" methodname="DeleteTriggerOrder" classname="JPB.DataAccess.Tests.Overwrite.LocalDbTests.LocalDbTriggerTestNotInReplication" runstate="Runnable" seed="361212065" result="Passed" start-time="2018-09-23 19:10:45Z" end-time="2018-09-23 19:10:45Z" duration="0.004621" asserts="7" />
                <test-case id="0-1112" name="DeleteTriggerWithCancelAfterOrder" fullname="JPB.DataAccess.Tests.Overwrite.LocalDbTests.LocalDbTriggerTestNotInReplication.DeleteTriggerWithCancelAfterOrder" methodname="DeleteTriggerWithCancelAfterOrder" classname="JPB.DataAccess.Tests.Overwrite.LocalDbTests.LocalDbTriggerTestNotInReplication" runstate="Runnable" seed="839885398" result="Passed" start-time="2018-09-23 19:10:45Z" end-time="2018-09-23 19:10:45Z" duration="0.005725" asserts="6" />
                <test-case id="0-1113" name="DeleteTriggerWithCancelForOrder" fullname="JPB.DataAccess.Tests.Overwrite.LocalDbTests.LocalDbTriggerTestNotInReplication.DeleteTriggerWithCancelForOrder" methodname="DeleteTriggerWithCancelForOrder" classname="JPB.DataAccess.Tests.Overwrite.LocalDbTests.LocalDbTriggerTestNotInReplication" runstate="Runnable" seed="2146939328" result="Passed" start-time="2018-09-23 19:10:45Z" end-time="2018-09-23 19:10:45Z" duration="0.004538" asserts="6" />
                <test-case id="0-1114" name="InsertIOReaddTriggerOrder" fullname="JPB.DataAccess.Tests.Overwrite.LocalDbTests.LocalDbTriggerTestNotInReplication.InsertIOReaddTriggerOrder" methodname="InsertIOReaddTriggerOrder" classname="JPB.DataAccess.Tests.Overwrite.LocalDbTests.LocalDbTriggerTestNotInReplication" runstate="Runnable" seed="1618501883" result="Passed" start-time="2018-09-23 19:10:45Z" end-time="2018-09-23 19:10:45Z" duration="0.004190" asserts="7" />
                <test-case id="0-1115" name="InsertIOTriggerOrder" fullname="JPB.DataAccess.Tests.Overwrite.LocalDbTests.LocalDbTriggerTestNotInReplication.InsertIOTriggerOrder" methodname="InsertIOTriggerOrder" classname="JPB.DataAccess.Tests.Overwrite.LocalDbTests.LocalDbTriggerTestNotInReplication" runstate="Runnable" seed="257194152" result="Passed" start-time="2018-09-23 19:10:45Z" end-time="2018-09-23 19:10:45Z" duration="0.003076" asserts="6" />
                <test-case id="0-1116" name="InsertTriggerOrder" fullname="JPB.DataAccess.Tests.Overwrite.LocalDbTests.LocalDbTriggerTestNotInReplication.InsertTriggerOrder" methodname="InsertTriggerOrder" classname="JPB.DataAccess.Tests.Overwrite.LocalDbTests.LocalDbTriggerTestNotInReplication" runstate="Runnable" seed="1592944554" result="Passed" start-time="2018-09-23 19:10:45Z" end-time="2018-09-23 19:10:45Z" duration="0.002729" asserts="5" />
                <test-case id="0-1117" name="InsertTriggerWithCancelAfterOrder" fullname="JPB.DataAccess.Tests.Overwrite.LocalDbTests.LocalDbTriggerTestNotInReplication.InsertTriggerWithCancelAfterOrder" methodname="InsertTriggerWithCancelAfterOrder" classname="JPB.DataAccess.Tests.Overwrite.LocalDbTests.LocalDbTriggerTestNotInReplication" runstate="Runnable" seed="1536216023" result="Passed" start-time="2018-09-23 19:10:45Z" end-time="2018-09-23 19:10:45Z" duration="0.003310" asserts="4" />
                <test-case id="0-1118" name="InsertTriggerWithCancelForOrder" fullname="JPB.DataAccess.Tests.Overwrite.LocalDbTests.LocalDbTriggerTestNotInReplication.InsertTriggerWithCancelForOrder" methodname="InsertTriggerWithCancelForOrder" classname="JPB.DataAccess.Tests.Overwrite.LocalDbTests.LocalDbTriggerTestNotInReplication" runstate="Runnable" seed="1306732311" result="Passed" start-time="2018-09-23 19:10:45Z" end-time="2018-09-23 19:10:45Z" duration="0.003217" asserts="4" />
              </test-suite>
              <test-suite type="TestFixture" id="0-1119" name="LocalDbWithConstraintsTest" fullname="JPB.DataAccess.Tests.Overwrite.LocalDbTests.LocalDbWithConstraintsTest" classname="JPB.DataAccess.Tests.Overwrite.LocalDbTests.LocalDbWithConstraintsTest" runstate="Runnable" testcasecount="8" result="Passed" start-time="2018-09-23 19:10:45Z" end-time="2018-09-23 19:10:46Z" duration="0.726931" total="8" passed="8" failed="0" warnings="0" inconclusive="0" skipped="0" asserts="18">
                <test-case id="0-1120" name="AddCheckConstraint" fullname="JPB.DataAccess.Tests.Overwrite.LocalDbTests.LocalDbWithConstraintsTest.AddCheckConstraint" methodname="AddCheckConstraint" classname="JPB.DataAccess.Tests.Overwrite.LocalDbTests.LocalDbWithConstraintsTest" runstate="Runnable" seed="1641270518" result="Passed" start-time="2018-09-23 19:10:45Z" end-time="2018-09-23 19:10:45Z" duration="0.089997" asserts="3" />
                <test-case id="0-1121" name="AddCheckConstraintAfter" fullname="JPB.DataAccess.Tests.Overwrite.LocalDbTests.LocalDbWithConstraintsTest.AddCheckConstraintAfter" methodname="AddCheckConstraintAfter" classname="JPB.DataAccess.Tests.Overwrite.LocalDbTests.LocalDbWithConstraintsTest" runstate="Runnable" seed="1100163426" result="Passed" start-time="2018-09-23 19:10:45Z" end-time="2018-09-23 19:10:45Z" duration="0.082569" asserts="1" />
                <test-case id="0-1122" name="AddDefaultConditionalConstraint" fullname="JPB.DataAccess.Tests.Overwrite.LocalDbTests.LocalDbWithConstraintsTest.AddDefaultConditionalConstraint" methodname="AddDefaultConditionalConstraint" classname="JPB.DataAccess.Tests.Overwrite.LocalDbTests.LocalDbWithConstraintsTest" runstate="Runnable" seed="1018660078" result="Passed" start-time="2018-09-23 19:10:45Z" end-time="2018-09-23 19:10:45Z" duration="0.089595" asserts="4" />
                <test-case id="0-1123" name="AddDefaultConstraint" fullname="JPB.DataAccess.Tests.Overwrite.LocalDbTests.LocalDbWithConstraintsTest.AddDefaultConstraint" methodname="AddDefaultConstraint" classname="JPB.DataAccess.Tests.Overwrite.LocalDbTests.LocalDbWithConstraintsTest" runstate="Runnable" seed="1399191421" result="Passed" start-time="2018-09-23 19:10:45Z" end-time="2018-09-23 19:10:45Z" duration="0.084151" asserts="2" />
                <test-case id="0-1124" name="AddDefaultConstraintAfter" fullname="JPB.DataAccess.Tests.Overwrite.LocalDbTests.LocalDbWithConstraintsTest.AddDefaultConstraintAfter" methodname="AddDefaultConstraintAfter" classname="JPB.DataAccess.Tests.Overwrite.LocalDbTests.LocalDbWithConstraintsTest" runstate="Runnable" seed="762967130" result="Passed" start-time="2018-09-23 19:10:45Z" end-time="2018-09-23 19:10:45Z" duration="0.082046" asserts="1" />
                <test-case id="0-1125" name="AddObjectCheckConstraint" fullname="JPB.DataAccess.Tests.Overwrite.LocalDbTests.LocalDbWithConstraintsTest.AddObjectCheckConstraint" methodname="AddObjectCheckConstraint" classname="JPB.DataAccess.Tests.Overwrite.LocalDbTests.LocalDbWithConstraintsTest" runstate="Runnable" seed="41125479" result="Passed" start-time="2018-09-23 19:10:45Z" end-time="2018-09-23 19:10:45Z" duration="0.083386" asserts="3" />
                <test-case id="0-1126" name="AddUniqueConstraint" fullname="JPB.DataAccess.Tests.Overwrite.LocalDbTests.LocalDbWithConstraintsTest.AddUniqueConstraint" methodname="AddUniqueConstraint" classname="JPB.DataAccess.Tests.Overwrite.LocalDbTests.LocalDbWithConstraintsTest" runstate="Runnable" seed="1949668643" result="Passed" start-time="2018-09-23 19:10:45Z" end-time="2018-09-23 19:10:46Z" duration="0.084630" asserts="3" />
                <test-case id="0-1127" name="AddUniqueConstraintAfter" fullname="JPB.DataAccess.Tests.Overwrite.LocalDbTests.LocalDbWithConstraintsTest.AddUniqueConstraintAfter" methodname="AddUniqueConstraintAfter" classname="JPB.DataAccess.Tests.Overwrite.LocalDbTests.LocalDbWithConstraintsTest" runstate="Runnable" seed="2134975913" result="Passed" start-time="2018-09-23 19:10:46Z" end-time="2018-09-23 19:10:46Z" duration="0.101118" asserts="1" />
              </test-suite>
              <test-suite type="TestFixture" id="0-1128" name="LocalDbWithFkTest" fullname="JPB.DataAccess.Tests.Overwrite.LocalDbTests.LocalDbWithFkTest" classname="JPB.DataAccess.Tests.Overwrite.LocalDbTests.LocalDbWithFkTest" runstate="Runnable" testcasecount="6" result="Passed" start-time="2018-09-23 19:10:46Z" end-time="2018-09-23 19:10:47Z" duration="1.609882" total="6" passed="6" failed="0" warnings="0" inconclusive="0" skipped="0" asserts="53">
                <test-case id="0-1129" name="AddChildWithoutParent" fullname="JPB.DataAccess.Tests.Overwrite.LocalDbTests.LocalDbWithFkTest.AddChildWithoutParent" methodname="AddChildWithoutParent" classname="JPB.DataAccess.Tests.Overwrite.LocalDbTests.LocalDbWithFkTest" runstate="Runnable" seed="623260469" result="Passed" start-time="2018-09-23 19:10:46Z" end-time="2018-09-23 19:10:46Z" duration="0.262144" asserts="7" />
                <test-case id="0-1130" name="AddParentWithChild" fullname="JPB.DataAccess.Tests.Overwrite.LocalDbTests.LocalDbWithFkTest.AddParentWithChild" methodname="AddParentWithChild" classname="JPB.DataAccess.Tests.Overwrite.LocalDbTests.LocalDbWithFkTest" runstate="Runnable" seed="1893279151" result="Passed" start-time="2018-09-23 19:10:46Z" end-time="2018-09-23 19:10:46Z" duration="0.246647" asserts="9" />
                <test-case id="0-1131" name="ParentWithChild" fullname="JPB.DataAccess.Tests.Overwrite.LocalDbTests.LocalDbWithFkTest.ParentWithChild" methodname="ParentWithChild" classname="JPB.DataAccess.Tests.Overwrite.LocalDbTests.LocalDbWithFkTest" runstate="Runnable" seed="1507736192" result="Passed" start-time="2018-09-23 19:10:46Z" end-time="2018-09-23 19:10:46Z" duration="0.260781" asserts="7" />
                <test-case id="0-1132" name="ParentWithNullableChild" fullname="JPB.DataAccess.Tests.Overwrite.LocalDbTests.LocalDbWithFkTest.ParentWithNullableChild" methodname="ParentWithNullableChild" classname="JPB.DataAccess.Tests.Overwrite.LocalDbTests.LocalDbWithFkTest" runstate="Runnable" seed="2114300642" result="Passed" start-time="2018-09-23 19:10:46Z" end-time="2018-09-23 19:10:47Z" duration="0.266758" asserts="8" />
                <test-case id="0-1133" name="ParentWithNullableChildIsNull" fullname="JPB.DataAccess.Tests.Overwrite.LocalDbTests.LocalDbWithFkTest.ParentWithNullableChildIsNull" methodname="ParentWithNullableChildIsNull" classname="JPB.DataAccess.Tests.Overwrite.LocalDbTests.LocalDbWithFkTest" runstate="Runnable" seed="1437823781" result="Passed" start-time="2018-09-23 19:10:47Z" end-time="2018-09-23 19:10:47Z" duration="0.273896" asserts="8" />
                <test-case id="0-1134" name="RemoveParentWithChild" fullname="JPB.DataAccess.Tests.Overwrite.LocalDbTests.LocalDbWithFkTest.RemoveParentWithChild" methodname="RemoveParentWithChild" classname="JPB.DataAccess.Tests.Overwrite.LocalDbTests.LocalDbWithFkTest" runstate="Runnable" seed="433366641" result="Passed" start-time="2018-09-23 19:10:47Z" end-time="2018-09-23 19:10:47Z" duration="0.279194" asserts="14" />
              </test-suite>
            </test-suite>
            <test-suite type="TestSuite" id="0-2542" name="MetaApiTests" fullname="JPB.DataAccess.Tests.Overwrite.MetaApiTests" runstate="Runnable" testcasecount="19" result="Passed" start-time="2018-09-23 19:10:21Z" end-time="2018-09-23 19:10:48Z" duration="26.698837" total="19" passed="13" failed="0" warnings="0" inconclusive="0" skipped="6" asserts="6531">
              <test-suite type="TestFixture" id="0-1025" name="MetaApiSpeedTest" fullname="JPB.DataAccess.Tests.Overwrite.MetaApiTests.MetaApiSpeedTest" classname="JPB.DataAccess.Tests.Overwrite.MetaApiTests.MetaApiSpeedTest" runstate="Explicit" testcasecount="6" result="Skipped" label="Explicit" site="SetUp" start-time="2018-09-23 19:10:47Z" end-time="2018-09-23 19:10:47Z" duration="0.011146" total="6" passed="0" failed="0" warnings="0" inconclusive="0" skipped="6" asserts="0">
                <properties>
                  <property name="_SKIPREASON" value="Long running Performance tests" />
                </properties>
                <reason>
                  <message><![CDATA[Long running Performance tests]]></message>
                </reason>
                <test-case id="0-1026" name="OverallPlainSpeedEvalPropertyGetAndSetTest" fullname="JPB.DataAccess.Tests.Overwrite.MetaApiTests.MetaApiSpeedTest.OverallPlainSpeedEvalPropertyGetAndSetTest" methodname="OverallPlainSpeedEvalPropertyGetAndSetTest" classname="JPB.DataAccess.Tests.Overwrite.MetaApiTests.MetaApiSpeedTest" runstate="Runnable" seed="1677280636" result="Skipped" label="Explicit" site="Parent" start-time="0001-01-01 00:00:00Z" end-time="0001-01-01 00:00:00Z" duration="0.000000" asserts="0">
                  <reason>
                    <message><![CDATA[OneTimeSetUp: Long running Performance tests]]></message>
                  </reason>
                </test-case>
                <test-case id="0-1027" name="OverallPlainSpeedEvalPropertyGetAndSetTestOver100K" fullname="JPB.DataAccess.Tests.Overwrite.MetaApiTests.MetaApiSpeedTest.OverallPlainSpeedEvalPropertyGetAndSetTestOver100K" methodname="OverallPlainSpeedEvalPropertyGetAndSetTestOver100K" classname="JPB.DataAccess.Tests.Overwrite.MetaApiTests.MetaApiSpeedTest" runstate="Runnable" seed="1489005392" result="Skipped" label="Explicit" site="Parent" start-time="0001-01-01 00:00:00Z" end-time="0001-01-01 00:00:00Z" duration="0.000000" asserts="0">
                  <reason>
                    <message><![CDATA[OneTimeSetUp: Long running Performance tests]]></message>
                  </reason>
                </test-case>
                <test-case id="0-1028" name="OverallSpeedEvalPropertyGetAndSetTest" fullname="JPB.DataAccess.Tests.Overwrite.MetaApiTests.MetaApiSpeedTest.OverallSpeedEvalPropertyGetAndSetTest" methodname="OverallSpeedEvalPropertyGetAndSetTest" classname="JPB.DataAccess.Tests.Overwrite.MetaApiTests.MetaApiSpeedTest" runstate="Runnable" seed="1427505704" result="Skipped" label="Explicit" site="Parent" start-time="0001-01-01 00:00:00Z" end-time="0001-01-01 00:00:00Z" duration="0.000000" asserts="0">
                  <reason>
                    <message><![CDATA[OneTimeSetUp: Long running Performance tests]]></message>
                  </reason>
                </test-case>
                <test-case id="0-1029" name="OverallSpeedEvalPropertyGetAndSetTestOver100K" fullname="JPB.DataAccess.Tests.Overwrite.MetaApiTests.MetaApiSpeedTest.OverallSpeedEvalPropertyGetAndSetTestOver100K" methodname="OverallSpeedEvalPropertyGetAndSetTestOver100K" classname="JPB.DataAccess.Tests.Overwrite.MetaApiTests.MetaApiSpeedTest" runstate="Runnable" seed="89089629" result="Skipped" label="Explicit" site="Parent" start-time="0001-01-01 00:00:00Z" end-time="0001-01-01 00:00:00Z" duration="0.000000" asserts="0">
                  <reason>
                    <message><![CDATA[OneTimeSetUp: Long running Performance tests]]></message>
                  </reason>
                </test-case>
                <test-case id="0-1030" name="PlainSpeedEvalPropertyGetAndSet" fullname="JPB.DataAccess.Tests.Overwrite.MetaApiTests.MetaApiSpeedTest.PlainSpeedEvalPropertyGetAndSet" methodname="PlainSpeedEvalPropertyGetAndSet" classname="JPB.DataAccess.Tests.Overwrite.MetaApiTests.MetaApiSpeedTest" runstate="Runnable" seed="1856936453" result="Skipped" label="Explicit" site="Parent" start-time="0001-01-01 00:00:00Z" end-time="0001-01-01 00:00:00Z" duration="0.000000" asserts="0">
                  <reason>
                    <message><![CDATA[OneTimeSetUp: Long running Performance tests]]></message>
                  </reason>
                </test-case>
                <test-case id="0-1031" name="SpeedEvalPropertyGetAndSet" fullname="JPB.DataAccess.Tests.Overwrite.MetaApiTests.MetaApiSpeedTest.SpeedEvalPropertyGetAndSet" methodname="SpeedEvalPropertyGetAndSet" classname="JPB.DataAccess.Tests.Overwrite.MetaApiTests.MetaApiSpeedTest" runstate="Runnable" seed="1937039137" result="Skipped" label="Explicit" site="Parent" start-time="0001-01-01 00:00:00Z" end-time="0001-01-01 00:00:00Z" duration="0.000000" asserts="0">
                  <reason>
                    <message><![CDATA[OneTimeSetUp: Long running Performance tests]]></message>
                  </reason>
                </test-case>
              </test-suite>
              <test-suite type="TestFixture" id="0-1032" name="MetaApiTest" fullname="JPB.DataAccess.Tests.Overwrite.MetaApiTests.MetaApiTest" classname="JPB.DataAccess.Tests.Overwrite.MetaApiTests.MetaApiTest" runstate="Runnable" testcasecount="13" result="Passed" start-time="2018-09-23 19:10:47Z" end-time="2018-09-23 19:10:48Z" duration="0.217940" total="13" passed="13" failed="0" warnings="0" inconclusive="0" skipped="0" asserts="6531">
                <test-case id="0-1035" name="ClassCreating" fullname="JPB.DataAccess.Tests.Overwrite.MetaApiTests.MetaApiTest.ClassCreating" methodname="ClassCreating" classname="JPB.DataAccess.Tests.Overwrite.MetaApiTests.MetaApiTest" runstate="Runnable" seed="1022493399" result="Passed" start-time="2018-09-23 19:10:47Z" end-time="2018-09-23 19:10:47Z" duration="0.002546" asserts="1" />
                <test-case id="0-1036" name="ClassCreatingWithArguments" fullname="JPB.DataAccess.Tests.Overwrite.MetaApiTests.MetaApiTest.ClassCreatingWithArguments" methodname="ClassCreatingWithArguments" classname="JPB.DataAccess.Tests.Overwrite.MetaApiTests.MetaApiTest" runstate="Runnable" seed="1531918528" result="Passed" start-time="2018-09-23 19:10:47Z" end-time="2018-09-23 19:10:47Z" duration="0.006284" asserts="1" />
                <test-case id="0-1033" name="DictionaryClassCreating" fullname="JPB.DataAccess.Tests.Overwrite.MetaApiTests.MetaApiTest.DictionaryClassCreating" methodname="DictionaryClassCreating" classname="JPB.DataAccess.Tests.Overwrite.MetaApiTests.MetaApiTest" runstate="Runnable" seed="238719129" result="Passed" start-time="2018-09-23 19:10:47Z" end-time="2018-09-23 19:10:47Z" duration="0.046624" asserts="8" />
                <test-case id="0-1034" name="DynamicClassCreating" fullname="JPB.DataAccess.Tests.Overwrite.MetaApiTests.MetaApiTest.DynamicClassCreating" methodname="DynamicClassCreating" classname="JPB.DataAccess.Tests.Overwrite.MetaApiTests.MetaApiTest" runstate="Runnable" seed="1125113280" result="Passed" start-time="2018-09-23 19:10:47Z" end-time="2018-09-23 19:10:47Z" duration="0.001791" asserts="4" />
                <test-case id="0-1037" name="FakeClassComplexProperty" fullname="JPB.DataAccess.Tests.Overwrite.MetaApiTests.MetaApiTest.FakeClassComplexProperty" methodname="FakeClassComplexProperty" classname="JPB.DataAccess.Tests.Overwrite.MetaApiTests.MetaApiTest" runstate="Runnable" seed="374163519" result="Passed" start-time="2018-09-23 19:10:47Z" end-time="2018-09-23 19:10:47Z" duration="0.014579" asserts="1" />
                <test-case id="0-1038" name="FakeClassFunction" fullname="JPB.DataAccess.Tests.Overwrite.MetaApiTests.MetaApiTest.FakeClassFunction" methodname="FakeClassFunction" classname="JPB.DataAccess.Tests.Overwrite.MetaApiTests.MetaApiTest" runstate="Runnable" seed="2113504644" result="Passed" start-time="2018-09-23 19:10:47Z" end-time="2018-09-23 19:10:47Z" duration="0.015927" asserts="1" />
                <test-case id="0-1039" name="FakeClassStructProperty" fullname="JPB.DataAccess.Tests.Overwrite.MetaApiTests.MetaApiTest.FakeClassStructProperty" methodname="FakeClassStructProperty" classname="JPB.DataAccess.Tests.Overwrite.MetaApiTests.MetaApiTest" runstate="Runnable" seed="548820908" result="Passed" start-time="2018-09-23 19:10:47Z" end-time="2018-09-23 19:10:47Z" duration="0.012327" asserts="1" />
                <test-case id="0-1040" name="FakeCreation" fullname="JPB.DataAccess.Tests.Overwrite.MetaApiTests.MetaApiTest.FakeCreation" methodname="FakeCreation" classname="JPB.DataAccess.Tests.Overwrite.MetaApiTests.MetaApiTest" runstate="Runnable" seed="1703257222" result="Passed" start-time="2018-09-23 19:10:47Z" end-time="2018-09-23 19:10:47Z" duration="0.001450" asserts="1" />
                <test-case id="0-1041" name="ParallelAccessGlobal" fullname="JPB.DataAccess.Tests.Overwrite.MetaApiTests.MetaApiTest.ParallelAccessGlobal" methodname="ParallelAccessGlobal" classname="JPB.DataAccess.Tests.Overwrite.MetaApiTests.MetaApiTest" runstate="Runnable" seed="2037812252" result="Passed" start-time="2018-09-23 19:10:47Z" end-time="2018-09-23 19:10:47Z" duration="0.007555" asserts="3000" />
                <test-case id="0-1042" name="ParallelAccessLocal" fullname="JPB.DataAccess.Tests.Overwrite.MetaApiTests.MetaApiTest.ParallelAccessLocal" methodname="ParallelAccessLocal" classname="JPB.DataAccess.Tests.Overwrite.MetaApiTests.MetaApiTest" runstate="Runnable" seed="1486132263" result="Passed" start-time="2018-09-23 19:10:47Z" end-time="2018-09-23 19:10:47Z" duration="0.038453" asserts="3500" />
                <test-case id="0-1044" name="TestFrameworkDirectType" fullname="JPB.DataAccess.Tests.Overwrite.MetaApiTests.MetaApiTest.TestFrameworkDirectType" methodname="TestFrameworkDirectType" classname="JPB.DataAccess.Tests.Overwrite.MetaApiTests.MetaApiTest" runstate="Runnable" seed="1094935786" result="Passed" start-time="2018-09-23 19:10:47Z" end-time="2018-09-23 19:10:47Z" duration="0.010287" asserts="5" />
                <test-case id="0-1045" name="TestFrameworkType" fullname="JPB.DataAccess.Tests.Overwrite.MetaApiTests.MetaApiTest.TestFrameworkType" methodname="TestFrameworkType" classname="JPB.DataAccess.Tests.Overwrite.MetaApiTests.MetaApiTest" runstate="Runnable" seed="635942830" result="Passed" start-time="2018-09-23 19:10:48Z" end-time="2018-09-23 19:10:48Z" duration="0.009819" asserts="7" />
                <test-case id="0-1043" name="TestStructCreating" fullname="JPB.DataAccess.Tests.Overwrite.MetaApiTests.MetaApiTest.TestStructCreating" methodname="TestStructCreating" classname="JPB.DataAccess.Tests.Overwrite.MetaApiTests.MetaApiTest" runstate="Runnable" seed="141067909" result="Passed" start-time="2018-09-23 19:10:48Z" end-time="2018-09-23 19:10:48Z" duration="0.005023" asserts="1" />
              </test-suite>
            </test-suite>
            <test-suite type="TestSuite" id="0-2541" name="Misc" fullname="JPB.DataAccess.Tests.Overwrite.Misc" runstate="Runnable" testcasecount="7" result="Passed" start-time="2018-09-23 19:10:21Z" end-time="2018-09-23 19:10:48Z" duration="26.734803" total="7" passed="7" failed="0" warnings="0" inconclusive="0" skipped="0" asserts="7">
              <test-suite type="TestFixture" id="0-1016" name="DataConverterTests" fullname="JPB.DataAccess.Tests.Overwrite.Misc.DataConverterTests" classname="JPB.DataAccess.Tests.Overwrite.Misc.DataConverterTests" runstate="Runnable" testcasecount="7" result="Passed" start-time="2018-09-23 19:10:48Z" end-time="2018-09-23 19:10:48Z" duration="0.032034" total="7" passed="7" failed="0" warnings="0" inconclusive="0" skipped="0" asserts="7">
                <test-case id="0-1024" name="TestChangeDateType" fullname="JPB.DataAccess.Tests.Overwrite.Misc.DataConverterTests.TestChangeDateType" methodname="TestChangeDateType" classname="JPB.DataAccess.Tests.Overwrite.Misc.DataConverterTests" runstate="Runnable" seed="1491518433" result="Passed" start-time="2018-09-23 19:10:48Z" end-time="2018-09-23 19:10:48Z" duration="0.000550" asserts="1" />
                <test-suite type="ParameterizedMethod" id="0-1023" name="TestChangeType" fullname="JPB.DataAccess.Tests.Overwrite.Misc.DataConverterTests.TestChangeType" classname="JPB.DataAccess.Tests.Overwrite.Misc.DataConverterTests" runstate="Runnable" testcasecount="6" result="Passed" start-time="2018-09-23 19:10:48Z" end-time="2018-09-23 19:10:48Z" duration="0.024011" total="6" passed="6" failed="0" warnings="0" inconclusive="0" skipped="0" asserts="6">
                  <test-case id="0-1017" name="TestChangeType(&quot;1&quot;,System.Int32,1)" fullname="JPB.DataAccess.Tests.Overwrite.Misc.DataConverterTests.TestChangeType(&quot;1&quot;,System.Int32,1)" methodname="TestChangeType" classname="JPB.DataAccess.Tests.Overwrite.Misc.DataConverterTests" runstate="Runnable" seed="1680837161" result="Passed" start-time="2018-09-23 19:10:48Z" end-time="2018-09-23 19:10:48Z" duration="0.000409" asserts="1" />
                  <test-case id="0-1018" name="TestChangeType(&quot;FullOnLoad&quot;,JPB.DataAccess.Query.EnumerationMode,FullOnLoad)" fullname="JPB.DataAccess.Tests.Overwrite.Misc.DataConverterTests.TestChangeType(&quot;FullOnLoad&quot;,JPB.DataAccess.Query.EnumerationMode,FullOnLoad)" methodname="TestChangeType" classname="JPB.DataAccess.Tests.Overwrite.Misc.DataConverterTests" runstate="Runnable" seed="1608501524" result="Passed" start-time="2018-09-23 19:10:48Z" end-time="2018-09-23 19:10:48Z" duration="0.000192" asserts="1" />
                  <test-case id="0-1019" name="TestChangeType(1,System.Boolean,True)" fullname="JPB.DataAccess.Tests.Overwrite.Misc.DataConverterTests.TestChangeType(1,System.Boolean,True)" methodname="TestChangeType" classname="JPB.DataAccess.Tests.Overwrite.Misc.DataConverterTests" runstate="Runnable" seed="139325524" result="Passed" start-time="2018-09-23 19:10:48Z" end-time="2018-09-23 19:10:48Z" duration="0.000173" asserts="1" />
                  <test-case id="0-1020" name="TestChangeType(0,System.Boolean,False)" fullname="JPB.DataAccess.Tests.Overwrite.Misc.DataConverterTests.TestChangeType(0,System.Boolean,False)" methodname="TestChangeType" classname="JPB.DataAccess.Tests.Overwrite.Misc.DataConverterTests" runstate="Runnable" seed="924984301" result="Passed" start-time="2018-09-23 19:10:48Z" end-time="2018-09-23 19:10:48Z" duration="0.000075" asserts="1" />
                  <test-case id="0-1021" name="TestChangeType(&quot;1&quot;,System.Boolean,True)" fullname="JPB.DataAccess.Tests.Overwrite.Misc.DataConverterTests.TestChangeType(&quot;1&quot;,System.Boolean,True)" methodname="TestChangeType" classname="JPB.DataAccess.Tests.Overwrite.Misc.DataConverterTests" runstate="Runnable" seed="239933525" result="Passed" start-time="2018-09-23 19:10:48Z" end-time="2018-09-23 19:10:48Z" duration="0.000164" asserts="1" />
                  <test-case id="0-1022" name="TestChangeType(&quot;0&quot;,System.Boolean,False)" fullname="JPB.DataAccess.Tests.Overwrite.Misc.DataConverterTests.TestChangeType(&quot;0&quot;,System.Boolean,False)" methodname="TestChangeType" classname="JPB.DataAccess.Tests.Overwrite.Misc.DataConverterTests" runstate="Runnable" seed="1481127213" result="Passed" start-time="2018-09-23 19:10:48Z" end-time="2018-09-23 19:10:48Z" duration="0.000091" asserts="1" />
                </test-suite>
              </test-suite>
            </test-suite>
            <test-suite type="TestSuite" id="0-2540" name="PocoPkEquallityTests" fullname="JPB.DataAccess.Tests.Overwrite.PocoPkEquallityTests" runstate="Runnable" testcasecount="8" result="Passed" start-time="2018-09-23 19:10:21Z" end-time="2018-09-23 19:10:48Z" duration="26.803782" total="8" passed="8" failed="0" warnings="0" inconclusive="0" skipped="0" asserts="11">
              <test-suite type="TestFixture" id="0-1007" name="PocoPkEqualityComparerTest" fullname="JPB.DataAccess.Tests.Overwrite.PocoPkEquallityTests.PocoPkEqualityComparerTest" classname="JPB.DataAccess.Tests.Overwrite.PocoPkEquallityTests.PocoPkEqualityComparerTest" runstate="Runnable" testcasecount="8" result="Passed" start-time="2018-09-23 19:10:48Z" end-time="2018-09-23 19:10:48Z" duration="0.065007" total="8" passed="8" failed="0" warnings="0" inconclusive="0" skipped="0" asserts="11">
                <test-case id="0-1008" name="ComparesonInstanceEquals" fullname="JPB.DataAccess.Tests.Overwrite.PocoPkEquallityTests.PocoPkEqualityComparerTest.ComparesonInstanceEquals" methodname="ComparesonInstanceEquals" classname="JPB.DataAccess.Tests.Overwrite.PocoPkEquallityTests.PocoPkEqualityComparerTest" runstate="Runnable" seed="53610624" result="Passed" start-time="2018-09-23 19:10:48Z" end-time="2018-09-23 19:10:48Z" duration="0.003193" asserts="2" />
                <test-case id="0-1009" name="ComparesonInstanceNull" fullname="JPB.DataAccess.Tests.Overwrite.PocoPkEquallityTests.PocoPkEqualityComparerTest.ComparesonInstanceNull" methodname="ComparesonInstanceNull" classname="JPB.DataAccess.Tests.Overwrite.PocoPkEquallityTests.PocoPkEqualityComparerTest" runstate="Runnable" seed="90869307" result="Passed" start-time="2018-09-23 19:10:48Z" end-time="2018-09-23 19:10:48Z" duration="0.004143" asserts="3" />
                <test-case id="0-1010" name="ComparesonPropEquals" fullname="JPB.DataAccess.Tests.Overwrite.PocoPkEquallityTests.PocoPkEqualityComparerTest.ComparesonPropEquals" methodname="ComparesonPropEquals" classname="JPB.DataAccess.Tests.Overwrite.PocoPkEquallityTests.PocoPkEqualityComparerTest" runstate="Runnable" seed="1337658167" result="Passed" start-time="2018-09-23 19:10:48Z" end-time="2018-09-23 19:10:48Z" duration="0.003951" asserts="1" />
                <test-case id="0-1011" name="ComparesonPropEqualsAssertionInt" fullname="JPB.DataAccess.Tests.Overwrite.PocoPkEquallityTests.PocoPkEqualityComparerTest.ComparesonPropEqualsAssertionInt" methodname="ComparesonPropEqualsAssertionInt" classname="JPB.DataAccess.Tests.Overwrite.PocoPkEquallityTests.PocoPkEqualityComparerTest" runstate="Runnable" seed="1128731732" result="Passed" start-time="2018-09-23 19:10:48Z" end-time="2018-09-23 19:10:48Z" duration="0.005317" asserts="1" />
                <test-case id="0-1012" name="ComparesonPropEqualsAssertionIntTrue" fullname="JPB.DataAccess.Tests.Overwrite.PocoPkEquallityTests.PocoPkEqualityComparerTest.ComparesonPropEqualsAssertionIntTrue" methodname="ComparesonPropEqualsAssertionIntTrue" classname="JPB.DataAccess.Tests.Overwrite.PocoPkEquallityTests.PocoPkEqualityComparerTest" runstate="Runnable" seed="2095193636" result="Passed" start-time="2018-09-23 19:10:48Z" end-time="2018-09-23 19:10:48Z" duration="0.006255" asserts="1" />
                <test-case id="0-1013" name="ComparesonPropEqualsAssertionLong" fullname="JPB.DataAccess.Tests.Overwrite.PocoPkEquallityTests.PocoPkEqualityComparerTest.ComparesonPropEqualsAssertionLong" methodname="ComparesonPropEqualsAssertionLong" classname="JPB.DataAccess.Tests.Overwrite.PocoPkEquallityTests.PocoPkEqualityComparerTest" runstate="Runnable" seed="202236676" result="Passed" start-time="2018-09-23 19:10:48Z" end-time="2018-09-23 19:10:48Z" duration="0.004277" asserts="1" />
                <test-case id="0-1014" name="ComparesonPropEqualsWithAssertion" fullname="JPB.DataAccess.Tests.Overwrite.PocoPkEquallityTests.PocoPkEqualityComparerTest.ComparesonPropEqualsWithAssertion" methodname="ComparesonPropEqualsWithAssertion" classname="JPB.DataAccess.Tests.Overwrite.PocoPkEquallityTests.PocoPkEqualityComparerTest" runstate="Runnable" seed="2081027773" result="Passed" start-time="2018-09-23 19:10:48Z" end-time="2018-09-23 19:10:48Z" duration="0.004253" asserts="1" />
                <test-case id="0-1015" name="Instance" fullname="JPB.DataAccess.Tests.Overwrite.PocoPkEquallityTests.PocoPkEqualityComparerTest.Instance" methodname="Instance" classname="JPB.DataAccess.Tests.Overwrite.PocoPkEquallityTests.PocoPkEqualityComparerTest" runstate="Runnable" seed="1274044696" result="Passed" start-time="2018-09-23 19:10:48Z" end-time="2018-09-23 19:10:48Z" duration="0.004163" asserts="1" />
              </test-suite>
            </test-suite>
            <test-suite type="TestSuite" id="0-2539" name="XmlDataRecordTests" fullname="JPB.DataAccess.Tests.Overwrite.XmlDataRecordTests" runstate="Runnable" testcasecount="4" result="Passed" start-time="2018-09-23 19:10:21Z" end-time="2018-09-23 19:10:48Z" duration="26.948767" total="4" passed="4" failed="0" warnings="0" inconclusive="0" skipped="0" asserts="5">
              <test-suite type="TestFixture" id="0-1002" name="XmlDataRecordTest" fullname="JPB.DataAccess.Tests.Overwrite.XmlDataRecordTests.XmlDataRecordTest" classname="JPB.DataAccess.Tests.Overwrite.XmlDataRecordTests.XmlDataRecordTest" runstate="Runnable" testcasecount="4" result="Passed" start-time="2018-09-23 19:10:48Z" end-time="2018-09-23 19:10:48Z" duration="0.140932" total="4" passed="4" failed="0" warnings="0" inconclusive="0" skipped="0" asserts="5">
                <test-case id="0-1003" name="GetName" fullname="JPB.DataAccess.Tests.Overwrite.XmlDataRecordTests.XmlDataRecordTest.GetName" methodname="GetName" classname="JPB.DataAccess.Tests.Overwrite.XmlDataRecordTests.XmlDataRecordTest" runstate="Runnable" seed="1321322491" result="Passed" start-time="2018-09-23 19:10:48Z" end-time="2018-09-23 19:10:48Z" duration="0.121789" asserts="2" />
                <test-case id="0-1004" name="GetValue" fullname="JPB.DataAccess.Tests.Overwrite.XmlDataRecordTests.XmlDataRecordTest.GetValue" methodname="GetValue" classname="JPB.DataAccess.Tests.Overwrite.XmlDataRecordTests.XmlDataRecordTest" runstate="Runnable" seed="740549502" result="Passed" start-time="2018-09-23 19:10:48Z" end-time="2018-09-23 19:10:48Z" duration="0.002958" asserts="2" />
                <test-case id="0-1005" name="InstanceFromString" fullname="JPB.DataAccess.Tests.Overwrite.XmlDataRecordTests.XmlDataRecordTest.InstanceFromString" methodname="InstanceFromString" classname="JPB.DataAccess.Tests.Overwrite.XmlDataRecordTests.XmlDataRecordTest" runstate="Runnable" seed="1713335312" result="Passed" start-time="2018-09-23 19:10:48Z" end-time="2018-09-23 19:10:48Z" duration="0.001181" asserts="0" />
                <test-case id="0-1006" name="InstanceFromXDocument" fullname="JPB.DataAccess.Tests.Overwrite.XmlDataRecordTests.XmlDataRecordTest.InstanceFromXDocument" methodname="InstanceFromXDocument" classname="JPB.DataAccess.Tests.Overwrite.XmlDataRecordTests.XmlDataRecordTest" runstate="Runnable" seed="2047239777" result="Passed" start-time="2018-09-23 19:10:48Z" end-time="2018-09-23 19:10:48Z" duration="0.001919" asserts="1" />
              </test-suite>
            </test-suite>
            <test-suite type="TestSuite" id="0-2545" name="DbAccessLayerTests" fullname="JPB.DataAccess.Tests.Overwrite.DbAccessLayerTests" runstate="Runnable" testcasecount="1245" result="Failed" site="Child" start-time="2018-09-23 19:10:21Z" end-time="2018-09-23 19:13:44Z" duration="203.018674" total="1245" passed="1037" failed="124" warnings="0" inconclusive="0" skipped="84" asserts="86891">
              <failure>
                <message><![CDATA[One or more child tests had errors]]></message>
              </failure>
              <test-suite type="ParameterizedFixture" id="0-1584" name="EventTest" fullname="JPB.DataAccess.Tests.Overwrite.DbAccessLayerTests.EventTest" runstate="Runnable" testcasecount="36" result="Passed" start-time="2018-09-23 19:10:21Z" end-time="2018-09-23 19:10:21Z" duration="0.158968" total="36" passed="0" failed="0" warnings="0" inconclusive="0" skipped="36" asserts="0">
                <test-suite type="TestFixture" id="0-1544" name="EventTest(MsSql,False,False)" fullname="JPB.DataAccess.Tests.Overwrite.DbAccessLayerTests.EventTest(MsSql,False,False)" classname="JPB.DataAccess.Tests.Overwrite.DbAccessLayerTests.EventTest" runstate="Explicit" testcasecount="4" result="Skipped" label="Explicit" site="SetUp" start-time="2018-09-23 19:10:21Z" end-time="2018-09-23 19:10:21Z" duration="0.012672" total="4" passed="0" failed="0" warnings="0" inconclusive="0" skipped="4" asserts="0">
                  <properties>
                    <property name="ParallelScope" value="None" />
                  </properties>
                  <test-case id="0-1545" name="TestOnDelete" fullname="JPB.DataAccess.Tests.Overwrite.DbAccessLayerTests.EventTest(MsSql,False,False).TestOnDelete" methodname="TestOnDelete" classname="JPB.DataAccess.Tests.Overwrite.DbAccessLayerTests.EventTest" runstate="Runnable" seed="720299464" result="Skipped" label="Explicit" site="Parent" start-time="0001-01-01 00:00:00Z" end-time="0001-01-01 00:00:00Z" duration="0.000000" asserts="0">
                    <reason>
                      <message><![CDATA[OneTimeSetUp: ]]></message>
                    </reason>
                  </test-case>
                  <test-case id="0-1546" name="TestOnInsert" fullname="JPB.DataAccess.Tests.Overwrite.DbAccessLayerTests.EventTest(MsSql,False,False).TestOnInsert" methodname="TestOnInsert" classname="JPB.DataAccess.Tests.Overwrite.DbAccessLayerTests.EventTest" runstate="Runnable" seed="1825956972" result="Skipped" label="Explicit" site="Parent" start-time="0001-01-01 00:00:00Z" end-time="0001-01-01 00:00:00Z" duration="0.000000" asserts="0">
                    <reason>
                      <message><![CDATA[OneTimeSetUp: ]]></message>
                    </reason>
                  </test-case>
                  <test-case id="0-1547" name="TestOnSelect" fullname="JPB.DataAccess.Tests.Overwrite.DbAccessLayerTests.EventTest(MsSql,False,False).TestOnSelect" methodname="TestOnSelect" classname="JPB.DataAccess.Tests.Overwrite.DbAccessLayerTests.EventTest" runstate="Runnable" seed="1072341601" result="Skipped" label="Explicit" site="Parent" start-time="0001-01-01 00:00:00Z" end-time="0001-01-01 00:00:00Z" duration="0.000000" asserts="0">
                    <reason>
                      <message><![CDATA[OneTimeSetUp: ]]></message>
                    </reason>
                  </test-case>
                  <test-case id="0-1548" name="TestOnUpdate" fullname="JPB.DataAccess.Tests.Overwrite.DbAccessLayerTests.EventTest(MsSql,False,False).TestOnUpdate" methodname="TestOnUpdate" classname="JPB.DataAccess.Tests.Overwrite.DbAccessLayerTests.EventTest" runstate="Runnable" seed="138596973" result="Skipped" label="Explicit" site="Parent" start-time="0001-01-01 00:00:00Z" end-time="0001-01-01 00:00:00Z" duration="0.000000" asserts="0">
                    <reason>
                      <message><![CDATA[OneTimeSetUp: ]]></message>
                    </reason>
                  </test-case>
                </test-suite>
                <test-suite type="TestFixture" id="0-1549" name="EventTest(MsSql,False,True)" fullname="JPB.DataAccess.Tests.Overwrite.DbAccessLayerTests.EventTest(MsSql,False,True)" classname="JPB.DataAccess.Tests.Overwrite.DbAccessLayerTests.EventTest" runstate="Explicit" testcasecount="4" result="Skipped" label="Explicit" site="SetUp" start-time="2018-09-23 19:10:21Z" end-time="2018-09-23 19:10:21Z" duration="0.008012" total="4" passed="0" failed="0" warnings="0" inconclusive="0" skipped="4" asserts="0">
                  <properties>
                    <property name="ParallelScope" value="None" />
                  </properties>
                  <test-case id="0-1550" name="TestOnDelete" fullname="JPB.DataAccess.Tests.Overwrite.DbAccessLayerTests.EventTest(MsSql,False,True).TestOnDelete" methodname="TestOnDelete" classname="JPB.DataAccess.Tests.Overwrite.DbAccessLayerTests.EventTest" runstate="Runnable" seed="840171649" result="Skipped" label="Explicit" site="Parent" start-time="0001-01-01 00:00:00Z" end-time="0001-01-01 00:00:00Z" duration="0.000000" asserts="0">
                    <reason>
                      <message><![CDATA[OneTimeSetUp: ]]></message>
                    </reason>
                  </test-case>
                  <test-case id="0-1551" name="TestOnInsert" fullname="JPB.DataAccess.Tests.Overwrite.DbAccessLayerTests.EventTest(MsSql,False,True).TestOnInsert" methodname="TestOnInsert" classname="JPB.DataAccess.Tests.Overwrite.DbAccessLayerTests.EventTest" runstate="Runnable" seed="470990274" result="Skipped" label="Explicit" site="Parent" start-time="0001-01-01 00:00:00Z" end-time="0001-01-01 00:00:00Z" duration="0.000000" asserts="0">
                    <reason>
                      <message><![CDATA[OneTimeSetUp: ]]></message>
                    </reason>
                  </test-case>
[...]
                    <test-case id="0-2287" name="RefIn" fullname="JPB.DataAccess.Tests.Overwrite.DbAccessLayerTests.QueryBuilderTests.QueryBuilderTests(SqLite,True,False,False,OnCall).RefIn" methodname="RefIn" classname="JPB.DataAccess.Tests.Overwrite.DbAccessLayerTests.QueryBuilderTests.QueryBuilderTests" runstate="Runnable" seed="2137244396" result="Passed" start-time="2018-09-23 19:13:30Z" end-time="2018-09-23 19:13:38Z" duration="8.156538" asserts="1254" />
                    <test-case id="0-2288" name="Select" fullname="JPB.DataAccess.Tests.Overwrite.DbAccessLayerTests.QueryBuilderTests.QueryBuilderTests(SqLite,True,False,False,OnCall).Select" methodname="Select" classname="JPB.DataAccess.Tests.Overwrite.DbAccessLayerTests.QueryBuilderTests.QueryBuilderTests" runstate="Runnable" seed="560702247" result="Passed" start-time="2018-09-23 19:13:38Z" end-time="2018-09-23 19:13:38Z" duration="0.604775" asserts="506" />
                    <test-case id="0-2289" name="SelectedLimit" fullname="JPB.DataAccess.Tests.Overwrite.DbAccessLayerTests.QueryBuilderTests.QueryBuilderTests(SqLite,True,False,False,OnCall).SelectedLimit" methodname="SelectedLimit" classname="JPB.DataAccess.Tests.Overwrite.DbAccessLayerTests.QueryBuilderTests.QueryBuilderTests" runstate="Runnable" seed="1515783131" result="Passed" start-time="2018-09-23 19:13:38Z" end-time="2018-09-23 19:13:39Z" duration="0.527103" asserts="5" />
                    <test-case id="0-2291" name="SelectSingleColumnTest" fullname="JPB.DataAccess.Tests.Overwrite.DbAccessLayerTests.QueryBuilderTests.QueryBuilderTests(SqLite,True,False,False,OnCall).SelectSingleColumnTest" methodname="SelectSingleColumnTest" classname="JPB.DataAccess.Tests.Overwrite.DbAccessLayerTests.QueryBuilderTests.QueryBuilderTests" runstate="Runnable" seed="49803125" result="Passed" start-time="2018-09-23 19:13:39Z" end-time="2018-09-23 19:13:39Z" duration="0.312667" asserts="6" />
                    <test-case id="0-2290" name="SelectWithFactory" fullname="JPB.DataAccess.Tests.Overwrite.DbAccessLayerTests.QueryBuilderTests.QueryBuilderTests(SqLite,True,False,False,OnCall).SelectWithFactory" methodname="SelectWithFactory" classname="JPB.DataAccess.Tests.Overwrite.DbAccessLayerTests.QueryBuilderTests.QueryBuilderTests" runstate="Runnable" seed="645856888" result="Passed" start-time="2018-09-23 19:13:39Z" end-time="2018-09-23 19:13:40Z" duration="0.530887" asserts="24" />
                    <test-case id="0-2292" name="Update" fullname="JPB.DataAccess.Tests.Overwrite.DbAccessLayerTests.QueryBuilderTests.QueryBuilderTests(SqLite,True,False,False,OnCall).Update" methodname="Update" classname="JPB.DataAccess.Tests.Overwrite.DbAccessLayerTests.QueryBuilderTests.QueryBuilderTests" runstate="Runnable" seed="1579115309" result="Passed" start-time="2018-09-23 19:13:40Z" end-time="2018-09-23 19:13:40Z" duration="0.357786" asserts="6" />
                    <test-case id="0-2293" name="UpdateExplicit" fullname="JPB.DataAccess.Tests.Overwrite.DbAccessLayerTests.QueryBuilderTests.QueryBuilderTests(SqLite,True,False,False,OnCall).UpdateExplicit" methodname="UpdateExplicit" classname="JPB.DataAccess.Tests.Overwrite.DbAccessLayerTests.QueryBuilderTests.QueryBuilderTests" runstate="Runnable" seed="878033842" result="Passed" start-time="2018-09-23 19:13:40Z" end-time="2018-09-23 19:13:41Z" duration="0.481414" asserts="8" />
                  </test-suite>
                  <test-suite type="TestFixture" id="0-2230" name="QueryBuilderTests(SqLite,True,False,True,FullOnLoad)" fullname="JPB.DataAccess.Tests.Overwrite.DbAccessLayerTests.QueryBuilderTests.QueryBuilderTests(SqLite,True,False,True,FullOnLoad)" classname="JPB.DataAccess.Tests.Overwrite.DbAccessLayerTests.QueryBuilderTests.QueryBuilderTests" runstate="Runnable" testcasecount="15" result="Passed" start-time="2018-09-23 19:13:33Z" end-time="2018-09-23 19:13:44Z" duration="10.925068" total="15" passed="15" failed="0" warnings="0" inconclusive="0" skipped="0" asserts="2407">
                    <properties>
                      <property name="ParallelScope" value="Self, Children, Fixtures" />
                      <property name="Type" value="SqLite" />
                    </properties>
                    <test-case id="0-2231" name="AsCte" fullname="JPB.DataAccess.Tests.Overwrite.DbAccessLayerTests.QueryBuilderTests.QueryBuilderTests(SqLite,True,False,True,FullOnLoad).AsCte" methodname="AsCte" classname="JPB.DataAccess.Tests.Overwrite.DbAccessLayerTests.QueryBuilderTests.QueryBuilderTests" runstate="Runnable" seed="923589785" result="Passed" start-time="2018-09-23 19:13:33Z" end-time="2018-09-23 19:13:33Z" duration="0.470752" asserts="5" />
                    <test-case id="0-2232" name="CheckFactory" fullname="JPB.DataAccess.Tests.Overwrite.DbAccessLayerTests.QueryBuilderTests.QueryBuilderTests(SqLite,True,False,True,FullOnLoad).CheckFactory" methodname="CheckFactory" classname="JPB.DataAccess.Tests.Overwrite.DbAccessLayerTests.QueryBuilderTests.QueryBuilderTests" runstate="Runnable" seed="1497434669" result="Passed" start-time="2018-09-23 19:13:33Z" end-time="2018-09-23 19:13:34Z" duration="0.377639" asserts="9" />
                    <test-case id="0-2233" name="Count" fullname="JPB.DataAccess.Tests.Overwrite.DbAccessLayerTests.QueryBuilderTests.QueryBuilderTests(SqLite,True,False,True,FullOnLoad).Count" methodname="Count" classname="JPB.DataAccess.Tests.Overwrite.DbAccessLayerTests.QueryBuilderTests.QueryBuilderTests" runstate="Runnable" seed="1705300313" result="Passed" start-time="2018-09-23 19:13:34Z" end-time="2018-09-23 19:13:34Z" duration="0.416998" asserts="6" />
                    <test-case id="0-2234" name="ForginKeyTest" fullname="JPB.DataAccess.Tests.Overwrite.DbAccessLayerTests.QueryBuilderTests.QueryBuilderTests(SqLite,True,False,True,FullOnLoad).ForginKeyTest" methodname="ForginKeyTest" classname="JPB.DataAccess.Tests.Overwrite.DbAccessLayerTests.QueryBuilderTests.QueryBuilderTests" runstate="Runnable" seed="1017993828" result="Passed" start-time="2018-09-23 19:13:34Z" end-time="2018-09-23 19:13:34Z" duration="0.101277" asserts="6" />
                    <test-case id="0-2235" name="In" fullname="JPB.DataAccess.Tests.Overwrite.DbAccessLayerTests.QueryBuilderTests.QueryBuilderTests(SqLite,True,False,True,FullOnLoad).In" methodname="In" classname="JPB.DataAccess.Tests.Overwrite.DbAccessLayerTests.QueryBuilderTests.QueryBuilderTests" runstate="Runnable" seed="1982930834" result="Passed" start-time="2018-09-23 19:13:34Z" end-time="2018-09-23 19:13:34Z" duration="0.330683" asserts="51" />
                    <test-case id="0-2236" name="OrderBy" fullname="JPB.DataAccess.Tests.Overwrite.DbAccessLayerTests.QueryBuilderTests.QueryBuilderTests(SqLite,True,False,True,FullOnLoad).OrderBy" methodname="OrderBy" classname="JPB.DataAccess.Tests.Overwrite.DbAccessLayerTests.QueryBuilderTests.QueryBuilderTests" runstate="Runnable" seed="754024387" result="Passed" start-time="2018-09-23 19:13:34Z" end-time="2018-09-23 19:13:35Z" duration="0.365697" asserts="505" />
                    <test-case id="0-2237" name="Pager" fullname="JPB.DataAccess.Tests.Overwrite.DbAccessLayerTests.QueryBuilderTests.QueryBuilderTests(SqLite,True,False,True,FullOnLoad).Pager" methodname="Pager" classname="JPB.DataAccess.Tests.Overwrite.DbAccessLayerTests.QueryBuilderTests.QueryBuilderTests" runstate="Runnable" seed="948638908" result="Passed" start-time="2018-09-23 19:13:35Z" end-time="2018-09-23 19:13:35Z" duration="0.454391" asserts="8" />
                    <test-case id="0-2238" name="PagerWithCondtion" fullname="JPB.DataAccess.Tests.Overwrite.DbAccessLayerTests.QueryBuilderTests.QueryBuilderTests(SqLite,True,False,True,FullOnLoad).PagerWithCondtion" methodname="PagerWithCondtion" classname="JPB.DataAccess.Tests.Overwrite.DbAccessLayerTests.QueryBuilderTests.QueryBuilderTests" runstate="Runnable" seed="1891679368" result="Passed" start-time="2018-09-23 19:13:35Z" end-time="2018-09-23 19:13:36Z" duration="0.538513" asserts="8" />
                    <test-case id="0-2239" name="RefIn" fullname="JPB.DataAccess.Tests.Overwrite.DbAccessLayerTests.QueryBuilderTests.QueryBuilderTests(SqLite,True,False,True,FullOnLoad).RefIn" methodname="RefIn" classname="JPB.DataAccess.Tests.Overwrite.DbAccessLayerTests.QueryBuilderTests.QueryBuilderTests" runstate="Runnable" seed="667987595" result="Passed" start-time="2018-09-23 19:13:36Z" end-time="2018-09-23 19:13:42Z" duration="6.393945" asserts="1254" />
                    <test-case id="0-2240" name="Select" fullname="JPB.DataAccess.Tests.Overwrite.DbAccessLayerTests.QueryBuilderTests.QueryBuilderTests(SqLite,True,False,True,FullOnLoad).Select" methodname="Select" classname="JPB.DataAccess.Tests.Overwrite.DbAccessLayerTests.QueryBuilderTests.QueryBuilderTests" runstate="Runnable" seed="1509503223" result="Passed" start-time="2018-09-23 19:13:42Z" end-time="2018-09-23 19:13:42Z" duration="0.273657" asserts="506" />
                    <test-case id="0-2241" name="SelectedLimit" fullname="JPB.DataAccess.Tests.Overwrite.DbAccessLayerTests.QueryBuilderTests.QueryBuilderTests(SqLite,True,False,True,FullOnLoad).SelectedLimit" methodname="SelectedLimit" classname="JPB.DataAccess.Tests.Overwrite.DbAccessLayerTests.QueryBuilderTests.QueryBuilderTests" runstate="Runnable" seed="1817515045" result="Passed" start-time="2018-09-23 19:13:42Z" end-time="2018-09-23 19:13:43Z" duration="0.185434" asserts="5" />
                    <test-case id="0-2243" name="SelectSingleColumnTest" fullname="JPB.DataAccess.Tests.Overwrite.DbAccessLayerTests.QueryBuilderTests.QueryBuilderTests(SqLite,True,False,True,FullOnLoad).SelectSingleColumnTest" methodname="SelectSingleColumnTest" classname="JPB.DataAccess.Tests.Overwrite.DbAccessLayerTests.QueryBuilderTests.QueryBuilderTests" runstate="Runnable" seed="227053767" result="Passed" start-time="2018-09-23 19:13:43Z" end-time="2018-09-23 19:13:43Z" duration="0.222662" asserts="6" />
                    <test-case id="0-2242" name="SelectWithFactory" fullname="JPB.DataAccess.Tests.Overwrite.DbAccessLayerTests.QueryBuilderTests.QueryBuilderTests(SqLite,True,False,True,FullOnLoad).SelectWithFactory" methodname="SelectWithFactory" classname="JPB.DataAccess.Tests.Overwrite.DbAccessLayerTests.QueryBuilderTests.QueryBuilderTests" runstate="Runnable" seed="1170041835" result="Passed" start-time="2018-09-23 19:13:43Z" end-time="2018-09-23 19:13:43Z" duration="0.224888" asserts="24" />
                    <test-case id="0-2244" name="Update" fullname="JPB.DataAccess.Tests.Overwrite.DbAccessLayerTests.QueryBuilderTests.QueryBuilderTests(SqLite,True,False,True,FullOnLoad).Update" methodname="Update" classname="JPB.DataAccess.Tests.Overwrite.DbAccessLayerTests.QueryBuilderTests.QueryBuilderTests" runstate="Runnable" seed="1724094520" result="Passed" start-time="2018-09-23 19:13:43Z" end-time="2018-09-23 19:13:43Z" duration="0.229904" asserts="6" />
                    <test-case id="0-2245" name="UpdateExplicit" fullname="JPB.DataAccess.Tests.Overwrite.DbAccessLayerTests.QueryBuilderTests.QueryBuilderTests(SqLite,True,False,True,FullOnLoad).UpdateExplicit" methodname="UpdateExplicit" classname="JPB.DataAccess.Tests.Overwrite.DbAccessLayerTests.QueryBuilderTests.QueryBuilderTests" runstate="Runnable" seed="1590718570" result="Passed" start-time="2018-09-23 19:13:43Z" end-time="2018-09-23 19:13:44Z" duration="0.245517" asserts="8" />
                  </test-suite>
                  <test-suite type="TestFixture" id="0-2246" name="QueryBuilderTests(SqLite,True,False,True,OnCall)" fullname="JPB.DataAccess.Tests.Overwrite.DbAccessLayerTests.QueryBuilderTests.QueryBuilderTests(SqLite,True,False,True,OnCall)" classname="JPB.DataAccess.Tests.Overwrite.DbAccessLayerTests.QueryBuilderTests.QueryBuilderTests" runstate="Runnable" testcasecount="15" result="Passed" start-time="2018-09-23 19:13:33Z" end-time="2018-09-23 19:13:44Z" duration="10.900068" total="15" passed="15" failed="0" warnings="0" inconclusive="0" skipped="0" asserts="2407">
                    <properties>
                      <property name="ParallelScope" value="Self, Children, Fixtures" />
                      <property name="Type" value="SqLite" />
                    </properties>
                    <test-case id="0-2247" name="AsCte" fullname="JPB.DataAccess.Tests.Overwrite.DbAccessLayerTests.QueryBuilderTests.QueryBuilderTests(SqLite,True,False,True,OnCall).AsCte" methodname="AsCte" classname="JPB.DataAccess.Tests.Overwrite.DbAccessLayerTests.QueryBuilderTests.QueryBuilderTests" runstate="Runnable" seed="32361206" result="Passed" start-time="2018-09-23 19:13:33Z" end-time="2018-09-23 19:13:33Z" duration="0.414134" asserts="5" />
                    <test-case id="0-2248" name="CheckFactory" fullname="JPB.DataAccess.Tests.Overwrite.DbAccessLayerTests.QueryBuilderTests.QueryBuilderTests(SqLite,True,False,True,OnCall).CheckFactory" methodname="CheckFactory" classname="JPB.DataAccess.Tests.Overwrite.DbAccessLayerTests.QueryBuilderTests.QueryBuilderTests" runstate="Runnable" seed="1224880640" result="Passed" start-time="2018-09-23 19:13:33Z" end-time="2018-09-23 19:13:34Z" duration="0.433325" asserts="9" />
                    <test-case id="0-2249" name="Count" fullname="JPB.DataAccess.Tests.Overwrite.DbAccessLayerTests.QueryBuilderTests.QueryBuilderTests(SqLite,True,False,True,OnCall).Count" methodname="Count" classname="JPB.DataAccess.Tests.Overwrite.DbAccessLayerTests.QueryBuilderTests.QueryBuilderTests" runstate="Runnable" seed="1118221539" result="Passed" start-time="2018-09-23 19:13:34Z" end-time="2018-09-23 19:13:34Z" duration="0.455948" asserts="6" />
                    <test-case id="0-2250" name="ForginKeyTest" fullname="JPB.DataAccess.Tests.Overwrite.DbAccessLayerTests.QueryBuilderTests.QueryBuilderTests(SqLite,True,False,True,OnCall).ForginKeyTest" methodname="ForginKeyTest" classname="JPB.DataAccess.Tests.Overwrite.DbAccessLayerTests.QueryBuilderTests.QueryBuilderTests" runstate="Runnable" seed="1769793955" result="Passed" start-time="2018-09-23 19:13:34Z" end-time="2018-09-23 19:13:34Z" duration="0.143148" asserts="6" />
                    <test-case id="0-2251" name="In" fullname="JPB.DataAccess.Tests.Overwrite.DbAccessLayerTests.QueryBuilderTests.QueryBuilderTests(SqLite,True,False,True,OnCall).In" methodname="In" classname="JPB.DataAccess.Tests.Overwrite.DbAccessLayerTests.QueryBuilderTests.QueryBuilderTests" runstate="Runnable" seed="1296207627" result="Passed" start-time="2018-09-23 19:13:34Z" end-time="2018-09-23 19:13:35Z" duration="0.482157" asserts="51" />
                    <test-case id="0-2252" name="OrderBy" fullname="JPB.DataAccess.Tests.Overwrite.DbAccessLayerTests.QueryBuilderTests.QueryBuilderTests(SqLite,True,False,True,OnCall).OrderBy" methodname="OrderBy" classname="JPB.DataAccess.Tests.Overwrite.DbAccessLayerTests.QueryBuilderTests.QueryBuilderTests" runstate="Runnable" seed="1351689959" result="Passed" start-time="2018-09-23 19:13:35Z" end-time="2018-09-23 19:13:35Z" duration="0.426740" asserts="505" />
                    <test-case id="0-2253" name="Pager" fullname="JPB.DataAccess.Tests.Overwrite.DbAccessLayerTests.QueryBuilderTests.QueryBuilderTests(SqLite,True,False,True,OnCall).Pager" methodname="Pager" classname="JPB.DataAccess.Tests.Overwrite.DbAccessLayerTests.QueryBuilderTests.QueryBuilderTests" runstate="Runnable" seed="119572940" result="Passed" start-time="2018-09-23 19:13:35Z" end-time="2018-09-23 19:13:36Z" duration="0.484177" asserts="8" />
                    <test-case id="0-2254" name="PagerWithCondtion" fullname="JPB.DataAccess.Tests.Overwrite.DbAccessLayerTests.QueryBuilderTests.QueryBuilderTests(SqLite,True,False,True,OnCall).PagerWithCondtion" methodname="PagerWithCondtion" classname="JPB.DataAccess.Tests.Overwrite.DbAccessLayerTests.QueryBuilderTests.QueryBuilderTests" runstate="Runnable" seed="14462415" result="Passed" start-time="2018-09-23 19:13:36Z" end-time="2018-09-23 19:13:36Z" duration="0.377740" asserts="8" />
                    <test-case id="0-2255" name="RefIn" fullname="JPB.DataAccess.Tests.Overwrite.DbAccessLayerTests.QueryBuilderTests.QueryBuilderTests(SqLite,True,False,True,OnCall).RefIn" methodname="RefIn" classname="JPB.DataAccess.Tests.Overwrite.DbAccessLayerTests.QueryBuilderTests.QueryBuilderTests" runstate="Runnable" seed="8960073" result="Passed" start-time="2018-09-23 19:13:36Z" end-time="2018-09-23 19:13:42Z" duration="6.214691" asserts="1254" />
                    <test-case id="0-2256" name="Select" fullname="JPB.DataAccess.Tests.Overwrite.DbAccessLayerTests.QueryBuilderTests.QueryBuilderTests(SqLite,True,False,True,OnCall).Select" methodname="Select" classname="JPB.DataAccess.Tests.Overwrite.DbAccessLayerTests.QueryBuilderTests.QueryBuilderTests" runstate="Runnable" seed="1646878202" result="Passed" start-time="2018-09-23 19:13:42Z" end-time="2018-09-23 19:13:43Z" duration="0.235002" asserts="506" />
                    <test-case id="0-2257" name="SelectedLimit" fullname="JPB.DataAccess.Tests.Overwrite.DbAccessLayerTests.QueryBuilderTests.QueryBuilderTests(SqLite,True,False,True,OnCall).SelectedLimit" methodname="SelectedLimit" classname="JPB.DataAccess.Tests.Overwrite.DbAccessLayerTests.QueryBuilderTests.QueryBuilderTests" runstate="Runnable" seed="2038361584" result="Passed" start-time="2018-09-23 19:13:43Z" end-time="2018-09-23 19:13:43Z" duration="0.215263" asserts="5" />
                    <test-case id="0-2259" name="SelectSingleColumnTest" fullname="JPB.DataAccess.Tests.Overwrite.DbAccessLayerTests.QueryBuilderTests.QueryBuilderTests(SqLite,True,False,True,OnCall).SelectSingleColumnTest" methodname="SelectSingleColumnTest" classname="JPB.DataAccess.Tests.Overwrite.DbAccessLayerTests.QueryBuilderTests.QueryBuilderTests" runstate="Runnable" seed="887069770" result="Passed" start-time="2018-09-23 19:13:43Z" end-time="2018-09-23 19:13:43Z" duration="0.219349" asserts="6" />
                    <test-case id="0-2258" name="SelectWithFactory" fullname="JPB.DataAccess.Tests.Overwrite.DbAccessLayerTests.QueryBuilderTests.QueryBuilderTests(SqLite,True,False,True,OnCall).SelectWithFactory" methodname="SelectWithFactory" classname="JPB.DataAccess.Tests.Overwrite.DbAccessLayerTests.QueryBuilderTests.QueryBuilderTests" runstate="Runnable" seed="939826423" result="Passed" start-time="2018-09-23 19:13:43Z" end-time="2018-09-23 19:13:43Z" duration="0.236462" asserts="24" />
                    <test-case id="0-2260" name="Update" fullname="JPB.DataAccess.Tests.Overwrite.DbAccessLayerTests.QueryBuilderTests.QueryBuilderTests(SqLite,True,False,True,OnCall).Update" methodname="Update" classname="JPB.DataAccess.Tests.Overwrite.DbAccessLayerTests.QueryBuilderTests.QueryBuilderTests" runstate="Runnable" seed="517065508" result="Passed" start-time="2018-09-23 19:13:43Z" end-time="2018-09-23 19:13:44Z" duration="0.243300" asserts="6" />
                    <test-case id="0-2261" name="UpdateExplicit" fullname="JPB.DataAccess.Tests.Overwrite.DbAccessLayerTests.QueryBuilderTests.QueryBuilderTests(SqLite,True,False,True,OnCall).UpdateExplicit" methodname="UpdateExplicit" classname="JPB.DataAccess.Tests.Overwrite.DbAccessLayerTests.QueryBuilderTests.QueryBuilderTests" runstate="Runnable" seed="560074163" result="Passed" start-time="2018-09-23 19:13:44Z" end-time="2018-09-23 19:13:44Z" duration="0.248241" asserts="8" />
                  </test-suite>
                </test-suite>
              </test-suite>
            </test-suite>
          </test-suite>
        </test-suite>
      </test-suite>
    </test-suite>
  </test-suite>
</test-run>